Downloading https://www.eprocurementtoolkit.org to websites/www.eprocurementtoolkit.org/ from Wayback Machine archives.

Getting snapshot pages.. found 290 snaphots to consider.

file_list_curated: 278
278 files to download:
http://www.eprocurementtoolkit.org:80/ -> websites/www.eprocurementtoolkit.org/20161013173053/index.html (1/278)
http://www.eprocurementtoolkit.org:80/ -> websites/www.eprocurementtoolkit.org/20161024115721/index.html (2/278)
http://www.eprocurementtoolkit.org:80/ -> websites/www.eprocurementtoolkit.org/20161123031505/index.html (3/278)
http://eprocurementtoolkit.org:80/ -> websites/www.eprocurementtoolkit.org/20170424035807/index.html (4/278)
http://www.eprocurementtoolkit.org:80/ -> websites/www.eprocurementtoolkit.org/20190308134852/index.html (5/278)
http://eprocurementtoolkit.org:80/ -> websites/www.eprocurementtoolkit.org/20190325041109/index.html (6/278)
http://www.eprocurementtoolkit.org:80/ -> websites/www.eprocurementtoolkit.org/20190408160038/index.html (7/278)
http://eprocurementtoolkit.org:80/ -> websites/www.eprocurementtoolkit.org/20190426074703/index.html (8/278)
http://eprocurementtoolkit.org:80/ -> websites/www.eprocurementtoolkit.org/20190529191237/index.html (9/278)
http://www.eprocurementtoolkit.org:80/ -> websites/www.eprocurementtoolkit.org/20200129152220/index.html (10/278)
http://eprocurementtoolkit.org/ -> websites/www.eprocurementtoolkit.org/20201021043703/index.html (11/278)
http://eprocurementtoolkit.org/ -> websites/www.eprocurementtoolkit.org/20201125192215/index.html (12/278)
http://eprocurementtoolkit.org/core/assets/vendor/domready/ready.min.js?v=1.0.8 -> websites/www.eprocurementtoolkit.org/20170522050241/core/assets/vendor/domready/ready.min.js?v=1.0.8 (13/278)
http://eprocurementtoolkit.org/core/assets/vendor/html5shiv/html5shiv.min.js?v=3.7.3 -> websites/www.eprocurementtoolkit.org/20170522050145/core/assets/vendor/html5shiv/html5shiv.min.js?v=3.7.3 (14/278)
https://eprocurementtoolkit.org/core/assets/vendor/jquery-once/jquery.once.min.js -> websites/www.eprocurementtoolkit.org/20221017191826/core/assets/vendor/jquery-once/jquery.once.min.js (15/278)
http://www.eprocurementtoolkit.org/core/assets/vendor/jquery/jquery.min.js -> websites/www.eprocurementtoolkit.org/20220120170309/core/assets/vendor/jquery/jquery.min.js (16/278)
http://eprocurementtoolkit.org/core/assets/vendor/jquery/jquery.min.js?v=2.2.3 -> websites/www.eprocurementtoolkit.org/20170522050245/core/assets/vendor/jquery/jquery.min.js?v=2.2.3 (17/278)
http://eprocurementtoolkit.org/core/assets/vendor/jquery/jquery.min.js?v=3.5.1 -> websites/www.eprocurementtoolkit.org/20220113023541/core/assets/vendor/jquery/jquery.min.js?v=3.5.1 (18/278)
http://eprocurementtoolkit.org/core/assets/vendor/underscore/underscore-min.js -> websites/www.eprocurementtoolkit.org/20220120110341/core/assets/vendor/underscore/underscore-min.js (19/278)
http://eprocurementtoolkit.org/core/assets/vendor/underscore/underscore-min.js?v=1.8.3 -> websites/www.eprocurementtoolkit.org/20170522050254/core/assets/vendor/underscore/underscore-min.js?v=1.8.3 (20/278)
http://eprocurementtoolkit.org/core/assets/vendor/underscore/underscore-min.js?v=1.9.1 -> websites/www.eprocurementtoolkit.org/20220113023538/core/assets/vendor/underscore/underscore-min.js?v=1.9.1 (21/278)
http://eprocurementtoolkit.org/core/misc/drupal.init.js -> websites/www.eprocurementtoolkit.org/20220120110017/core/misc/drupal.init.js (22/278)
http://eprocurementtoolkit.org/core/misc/drupal.js -> websites/www.eprocurementtoolkit.org/20220120112902/core/misc/drupal.js (23/278)
http://eprocurementtoolkit.org/core/misc/drupal.js?v=8.2.5 -> websites/www.eprocurementtoolkit.org/20170522050302/core/misc/drupal.js?v=8.2.5 (24/278)
http://eprocurementtoolkit.org/core/misc/drupal.js?v=8.9.7 -> websites/www.eprocurementtoolkit.org/20220117060751/core/misc/drupal.js?v=8.9.7 (25/278)
http://www.eprocurementtoolkit.org/core/misc/drupalSettingsLoader.js -> websites/www.eprocurementtoolkit.org/20220120155949/core/misc/drupalSettingsLoader.js (26/278)
http://eprocurementtoolkit.org/core/misc/drupalSettingsLoader.js?v=8.2.5 -> websites/www.eprocurementtoolkit.org/20170522050259/core/misc/drupalSettingsLoader.js?v=8.2.5 (27/278)
http://www.eprocurementtoolkit.org/core/misc/drupalSettingsLoader.js?v=8.9.7 -> websites/www.eprocurementtoolkit.org/20220120143408/core/misc/drupalSettingsLoader.js?v=8.9.7 (28/278)
http://www.eprocurementtoolkit.org/core/misc/icons/73b355/check.svg -> websites/www.eprocurementtoolkit.org/20200403224655/core/misc/icons/73b355/check.svg (29/278)
http://eprocurementtoolkit.org/core/misc/icons/787878/twistie-down.svg -> websites/www.eprocurementtoolkit.org/20170522050341/core/misc/icons/787878/twistie-down.svg (30/278)
http://eprocurementtoolkit.org/core/misc/icons/787878/twistie-up.svg -> websites/www.eprocurementtoolkit.org/20170522050344/core/misc/icons/787878/twistie-up.svg (31/278)
http://www.eprocurementtoolkit.org/core/misc/icons/e29700/warning.svg -> websites/www.eprocurementtoolkit.org/20200403225021/core/misc/icons/e29700/warning.svg (32/278)
http://www.eprocurementtoolkit.org/core/misc/icons/e32700/error.svg -> websites/www.eprocurementtoolkit.org/20200403225640/core/misc/icons/e32700/error.svg (33/278)
https://eprocurementtoolkit.org/core/misc/tableresponsive.js -> websites/www.eprocurementtoolkit.org/20221017191843/core/misc/tableresponsive.js (34/278)
http://eprocurementtoolkit.org/core/misc/tree-bottom.png -> websites/www.eprocurementtoolkit.org/20170522050352/core/misc/tree-bottom.png (35/278)
http://eprocurementtoolkit.org/core/misc/tree.png -> websites/www.eprocurementtoolkit.org/20170522050348/core/misc/tree.png (36/278)
http://eprocurementtoolkit.org/core/modules/system/css/components/align.module.css -> websites/www.eprocurementtoolkit.org/20220120102931/core/modules/system/css/components/align.module.css (37/278)
http://eprocurementtoolkit.org/core/modules/system/css/components/align.module.css?om2w28 -> websites/www.eprocurementtoolkit.org/20170522045948/core/modules/system/css/components/align.module.css?om2w28 (38/278)
http://www.eprocurementtoolkit.org/core/modules/system/css/components/align.module.css?q453bs -> websites/www.eprocurementtoolkit.org/20200401123703/core/modules/system/css/components/align.module.css?q453bs (39/278)
http://www.eprocurementtoolkit.org/core/modules/system/css/components/clearfix.module.css -> websites/www.eprocurementtoolkit.org/20220120163435/core/modules/system/css/components/clearfix.module.css (40/278)
http://eprocurementtoolkit.org/core/modules/system/css/components/clearfix.module.css?om2w28 -> websites/www.eprocurementtoolkit.org/20170522050000/core/modules/system/css/components/clearfix.module.css?om2w28 (41/278)
http://www.eprocurementtoolkit.org/core/modules/system/css/components/clearfix.module.css?q453bs -> websites/www.eprocurementtoolkit.org/20200401124918/core/modules/system/css/components/clearfix.module.css?q453bs (42/278)
http://eprocurementtoolkit.org/core/modules/system/css/components/container-inline.module.css -> websites/www.eprocurementtoolkit.org/20220120163511/core/modules/system/css/components/container-inline.module.css (43/278)
http://eprocurementtoolkit.org/core/modules/system/css/components/details.module.css -> websites/www.eprocurementtoolkit.org/20220120154040/core/modules/system/css/components/details.module.css (44/278)
http://eprocurementtoolkit.org/core/modules/system/css/components/fieldgroup.module.css -> websites/www.eprocurementtoolkit.org/20220120104432/core/modules/system/css/components/fieldgroup.module.css (45/278)
http://eprocurementtoolkit.org/core/modules/system/css/components/fieldgroup.module.css?om2w28 -> websites/www.eprocurementtoolkit.org/20170522045951/core/modules/system/css/components/fieldgroup.module.css?om2w28 (46/278)
http://www.eprocurementtoolkit.org/core/modules/system/css/components/fieldgroup.module.css?q453bs -> websites/www.eprocurementtoolkit.org/20200401124414/core/modules/system/css/components/fieldgroup.module.css?q453bs (47/278)
http://www.eprocurementtoolkit.org/core/modules/system/css/components/hidden.module.css -> websites/www.eprocurementtoolkit.org/20220120140245/core/modules/system/css/components/hidden.module.css (48/278)
http://eprocurementtoolkit.org/core/modules/system/css/components/hidden.module.css?om2w28 -> websites/www.eprocurementtoolkit.org/20170522050012/core/modules/system/css/components/hidden.module.css?om2w28 (49/278)
http://www.eprocurementtoolkit.org/core/modules/system/css/components/hidden.module.css?q453bs -> websites/www.eprocurementtoolkit.org/20200401125233/core/modules/system/css/components/hidden.module.css?q453bs (50/278)
http://eprocurementtoolkit.org/core/modules/system/css/components/item-list.module.css -> websites/www.eprocurementtoolkit.org/20220120114202/core/modules/system/css/components/item-list.module.css (51/278)
http://eprocurementtoolkit.org/core/modules/system/css/components/js.module.css -> websites/www.eprocurementtoolkit.org/20220120130513/core/modules/system/css/components/js.module.css (52/278)
http://eprocurementtoolkit.org/core/modules/system/css/components/nowrap.module.css -> websites/www.eprocurementtoolkit.org/20220120194632/core/modules/system/css/components/nowrap.module.css (53/278)
http://eprocurementtoolkit.org/core/modules/system/css/components/position-container.module.css -> websites/www.eprocurementtoolkit.org/20220120183719/core/modules/system/css/components/position-container.module.css (54/278)
http://www.eprocurementtoolkit.org/core/modules/system/css/components/progress.module.css -> websites/www.eprocurementtoolkit.org/20220120173322/core/modules/system/css/components/progress.module.css (55/278)
http://eprocurementtoolkit.org/core/modules/system/css/components/progress.module.css?om2w28 -> websites/www.eprocurementtoolkit.org/20170522050054/core/modules/system/css/components/progress.module.css?om2w28 (56/278)
http://www.eprocurementtoolkit.org/core/modules/system/css/components/progress.module.css?q453bs -> websites/www.eprocurementtoolkit.org/20200401123210/core/modules/system/css/components/progress.module.css?q453bs (57/278)
http://www.eprocurementtoolkit.org/core/modules/system/css/components/reset-appearance.module.css -> websites/www.eprocurementtoolkit.org/20220120174758/core/modules/system/css/components/reset-appearance.module.css (58/278)
http://eprocurementtoolkit.org/core/modules/system/css/components/reset-appearance.module.css?om2w28 -> websites/www.eprocurementtoolkit.org/20170522050101/core/modules/system/css/components/reset-appearance.module.css?om2w28 (59/278)
http://www.eprocurementtoolkit.org/core/modules/system/css/components/reset-appearance.module.css?q453bs -> websites/www.eprocurementtoolkit.org/20200401130005/core/modules/system/css/components/reset-appearance.module.css?q453bs (60/278)
http://eprocurementtoolkit.org/core/modules/system/css/components/resize.module.css -> websites/www.eprocurementtoolkit.org/20220120131920/core/modules/system/css/components/resize.module.css (61/278)
http://eprocurementtoolkit.org/core/modules/system/css/components/resize.module.css?om2w28 -> websites/www.eprocurementtoolkit.org/20170522050109/core/modules/system/css/components/resize.module.css?om2w28 (62/278)
http://www.eprocurementtoolkit.org/core/modules/system/css/components/resize.module.css?q453bs -> websites/www.eprocurementtoolkit.org/20200401135634/core/modules/system/css/components/resize.module.css?q453bs (63/278)
http://eprocurementtoolkit.org/core/modules/system/css/components/sticky-header.module.css -> websites/www.eprocurementtoolkit.org/20220121045036/core/modules/system/css/components/sticky-header.module.css (64/278)
http://eprocurementtoolkit.org/core/modules/system/css/components/sticky-header.module.css?om2w28 -> websites/www.eprocurementtoolkit.org/20170522050115/core/modules/system/css/components/sticky-header.module.css?om2w28 (65/278)
http://www.eprocurementtoolkit.org/core/modules/system/css/components/sticky-header.module.css?q453bs -> websites/www.eprocurementtoolkit.org/20200401124441/core/modules/system/css/components/sticky-header.module.css?q453bs (66/278)
http://eprocurementtoolkit.org/core/modules/system/css/components/system-status-counter.css -> websites/www.eprocurementtoolkit.org/20220120124953/core/modules/system/css/components/system-status-counter.css (67/278)
http://eprocurementtoolkit.org/core/modules/system/css/components/system-status-report-counters.css -> websites/www.eprocurementtoolkit.org/20220120104609/core/modules/system/css/components/system-status-report-counters.css (68/278)
http://eprocurementtoolkit.org/core/modules/system/css/components/system-status-report-general-info.css -> websites/www.eprocurementtoolkit.org/20220120131700/core/modules/system/css/components/system-status-report-general-info.css (69/278)
http://eprocurementtoolkit.org/core/modules/system/css/components/tablesort.module.css -> websites/www.eprocurementtoolkit.org/20220120103816/core/modules/system/css/components/tablesort.module.css (70/278)
http://eprocurementtoolkit.org/core/modules/system/css/components/tablesort.module.css?om2w28 -> websites/www.eprocurementtoolkit.org/20170522050118/core/modules/system/css/components/tablesort.module.css?om2w28 (71/278)
http://www.eprocurementtoolkit.org/core/modules/system/css/components/tablesort.module.css?q453bs -> websites/www.eprocurementtoolkit.org/20200401131550/core/modules/system/css/components/tablesort.module.css?q453bs (72/278)
http://eprocurementtoolkit.org/core/modules/system/css/components/tree-child.module.css -> websites/www.eprocurementtoolkit.org/20220120135007/core/modules/system/css/components/tree-child.module.css (73/278)
http://eprocurementtoolkit.org/core/modules/views/css/views.module.css?om2w28 -> websites/www.eprocurementtoolkit.org/20181003110226/core/modules/views/css/views.module.css?om2w28 (74/278)
https://eprocurementtoolkit.org/core/modules/views/css/views.module.css?qj08z2 -> websites/www.eprocurementtoolkit.org/20230904062114/core/modules/views/css/views.module.css?qj08z2 (75/278)
http://www.eprocurementtoolkit.org:80/documentation -> websites/www.eprocurementtoolkit.org/20161013182226/documentation/index.html (76/278)
http://www.eprocurementtoolkit.org:80/documentation -> websites/www.eprocurementtoolkit.org/20161112015408/documentation/index.html (77/278)
http://www.eprocurementtoolkit.org:80/documentation -> websites/www.eprocurementtoolkit.org/20161123013553/documentation/index.html (78/278)
http://eprocurementtoolkit.org:80/documentation -> websites/www.eprocurementtoolkit.org/20170420200855/documentation/index.html (79/278)
http://eprocurementtoolkit.org:80/documentation -> websites/www.eprocurementtoolkit.org/20170522094353/documentation/index.html (80/278)
http://eprocurementtoolkit.org:80/documentation -> websites/www.eprocurementtoolkit.org/20170623151349/documentation/index.html (81/278)
http://eprocurementtoolkit.org:80/documentation -> websites/www.eprocurementtoolkit.org/20170725013644/documentation/index.html (82/278)
http://eprocurementtoolkit.org:80/documentation -> websites/www.eprocurementtoolkit.org/20170825051147/documentation/index.html (83/278)
http://www.eprocurementtoolkit.org:80/documentation -> websites/www.eprocurementtoolkit.org/20180128021726/documentation/index.html (84/278)
http://www.eprocurementtoolkit.org:80/documentation -> websites/www.eprocurementtoolkit.org/20180228041039/documentation/index.html (85/278)
http://www.eprocurementtoolkit.org:80/documentation -> websites/www.eprocurementtoolkit.org/20180331045922/documentation/index.html (86/278)
http://www.eprocurementtoolkit.org:80/documentation -> websites/www.eprocurementtoolkit.org/20180501145417/documentation/index.html (87/278)
http://www.eprocurementtoolkit.org:80/documentation -> websites/www.eprocurementtoolkit.org/20180601213451/documentation/index.html (88/278)
http://www.eprocurementtoolkit.org:80/documentation -> websites/www.eprocurementtoolkit.org/20180703132344/documentation/index.html (89/278)
http://www.eprocurementtoolkit.org:80/documentation -> websites/www.eprocurementtoolkit.org/20180804071031/documentation/index.html (90/278)
http://eprocurementtoolkit.org/documentation -> websites/www.eprocurementtoolkit.org/20180815215448/documentation/index.html (91/278)
http://www.eprocurementtoolkit.org:80/documentation -> websites/www.eprocurementtoolkit.org/20180904121135/documentation/index.html (92/278)
http://www.eprocurementtoolkit.org:80/documentation -> websites/www.eprocurementtoolkit.org/20181006010615/documentation/index.html (93/278)
http://www.eprocurementtoolkit.org:80/documentation -> websites/www.eprocurementtoolkit.org/20181107043345/documentation/index.html (94/278)
http://www.eprocurementtoolkit.org:80/documentation -> websites/www.eprocurementtoolkit.org/20181208062907/documentation/index.html (95/278)
http://www.eprocurementtoolkit.org:80/documentation -> websites/www.eprocurementtoolkit.org/20190108092504/documentation/index.html (96/278)
http://www.eprocurementtoolkit.org:80/documentation -> websites/www.eprocurementtoolkit.org/20190209034424/documentation/index.html (97/278)
http://www.eprocurementtoolkit.org:80/documentation -> websites/www.eprocurementtoolkit.org/20190312201402/documentation/index.html (98/278)
http://www.eprocurementtoolkit.org:80/documentation -> websites/www.eprocurementtoolkit.org/20190413062713/documentation/index.html (99/278)
http://www.eprocurementtoolkit.org:80/documentation -> websites/www.eprocurementtoolkit.org/20190514082822/documentation/index.html (100/278)
http://www.eprocurementtoolkit.org:80/documentation -> websites/www.eprocurementtoolkit.org/20190614125456/documentation/index.html (101/278)
http://www.eprocurementtoolkit.org:80/documentation -> websites/www.eprocurementtoolkit.org/20190730090916/documentation/index.html (102/278)
http://www.eprocurementtoolkit.org:80/documentation -> websites/www.eprocurementtoolkit.org/20190901015218/documentation/index.html (103/278)
http://www.eprocurementtoolkit.org:80/documentation -> websites/www.eprocurementtoolkit.org/20191030192322/documentation/index.html (104/278)
http://www.eprocurementtoolkit.org:80/documentation -> websites/www.eprocurementtoolkit.org/20191130014324/documentation/index.html (105/278)
http://www.eprocurementtoolkit.org:80/documentation -> websites/www.eprocurementtoolkit.org/20191230083800/documentation/index.html (106/278)
http://www.eprocurementtoolkit.org:80/documentation -> websites/www.eprocurementtoolkit.org/20200129151401/documentation/index.html (107/278)
http://www.eprocurementtoolkit.org/documentation -> websites/www.eprocurementtoolkit.org/20210302194548/documentation/index.html (108/278)
http://eprocurementtoolkit.org/documentation -> websites/www.eprocurementtoolkit.org/20210416130804/documentation/index.html (109/278)
http://eprocurementtoolkit.org/documentation -> websites/www.eprocurementtoolkit.org/20220120133557/documentation/index.html (110/278)
https://eprocurementtoolkit.org/documentation -> websites/www.eprocurementtoolkit.org/20221206033928/documentation/index.html (111/278)
https://www.eprocurementtoolkit.org/ed-logo.png -> websites/www.eprocurementtoolkit.org/20230602041319/ed-logo.png (112/278)
https://eprocurementtoolkit.org/filter/tips -> websites/www.eprocurementtoolkit.org/20221017191839/filter/tips/index.html (113/278)
http://www.eprocurementtoolkit.org/fr -> websites/www.eprocurementtoolkit.org/20210302210646/fr/index.html (114/278)
http://eprocurementtoolkit.org/home -> websites/www.eprocurementtoolkit.org/20180815201518/home/index.html (115/278)
http://www.eprocurementtoolkit.org/home -> websites/www.eprocurementtoolkit.org/20210302194718/home/index.html (116/278)
https://eprocurementtoolkit.org/index.php/filter/tips -> websites/www.eprocurementtoolkit.org/20221017191813/index.php/filter/tips/index.html (117/278)
https://eprocurementtoolkit.org/index.php/search/node -> websites/www.eprocurementtoolkit.org/20221017191857/index.php/search/node/index.html (118/278)
https://eprocurementtoolkit.org/index.php/user/login/ -> websites/www.eprocurementtoolkit.org/20221017191812/index.php/user/login/index.html (119/278)
https://eprocurementtoolkit.org/index.php/user/password/ -> websites/www.eprocurementtoolkit.org/20221017191808/index.php/user/password/index.html (120/278)
http://eprocurementtoolkit.org/modules/eproc/assets/js/eproc.js?om2w28 -> websites/www.eprocurementtoolkit.org/20181002222145/modules/eproc/assets/js/eproc.js?om2w28 (121/278)
https://eprocurementtoolkit.org/modules/eproc/assets/js/eproc.js?qj08z2 -> websites/www.eprocurementtoolkit.org/20230928200547/modules/eproc/assets/js/eproc.js?qj08z2 (122/278)
http://www.eprocurementtoolkit.org:80/node/14143 -> websites/www.eprocurementtoolkit.org/20161022112203/node/14143/index.html (123/278)
http://www.eprocurementtoolkit.org:80/personalinfo -> websites/www.eprocurementtoolkit.org/20161013182351/personalinfo/index.html (124/278)
http://www.eprocurementtoolkit.org:80/personalinfo -> websites/www.eprocurementtoolkit.org/20161116234415/personalinfo/index.html (125/278)
http://www.eprocurementtoolkit.org:80/personalinfo -> websites/www.eprocurementtoolkit.org/20170430050740/personalinfo/index.html (126/278)
http://www.eprocurementtoolkit.org:80/personalinfo -> websites/www.eprocurementtoolkit.org/20190321224938/personalinfo/index.html (127/278)
http://www.eprocurementtoolkit.org:80/personalinfo -> websites/www.eprocurementtoolkit.org/20190426071315/personalinfo/index.html (128/278)
http://www.eprocurementtoolkit.org:80/personalinfo -> websites/www.eprocurementtoolkit.org/20190529192131/personalinfo/index.html (129/278)
http://eprocurementtoolkit.org:80/personalinfo -> websites/www.eprocurementtoolkit.org/20200204053548/personalinfo/index.html (130/278)
https://eprocurementtoolkit.org/README.txt -> websites/www.eprocurementtoolkit.org/20221017191841/README.txt (131/278)
http://www.eprocurementtoolkit.org:80/requirements -> websites/www.eprocurementtoolkit.org/20161013173104/requirements/index.html (132/278)
http://www.eprocurementtoolkit.org:80/requirements -> websites/www.eprocurementtoolkit.org/20161028092653/requirements/index.html (133/278)
http://www.eprocurementtoolkit.org:80/requirements -> websites/www.eprocurementtoolkit.org/20170430050805/requirements/index.html (134/278)
http://www.eprocurementtoolkit.org:80/requirements -> websites/www.eprocurementtoolkit.org/20190312202334/requirements/index.html (135/278)
http://eprocurementtoolkit.org:80/requirements -> websites/www.eprocurementtoolkit.org/20190325040230/requirements/index.html (136/278)
http://www.eprocurementtoolkit.org:80/requirements -> websites/www.eprocurementtoolkit.org/20190413061808/requirements/index.html (137/278)
http://eprocurementtoolkit.org:80/requirements -> websites/www.eprocurementtoolkit.org/20190426073514/requirements/index.html (138/278)
http://www.eprocurementtoolkit.org:80/requirements -> websites/www.eprocurementtoolkit.org/20190514083230/requirements/index.html (139/278)
http://www.eprocurementtoolkit.org:80/requirements -> websites/www.eprocurementtoolkit.org/20200129153012/requirements/index.html (140/278)
http://www.eprocurementtoolkit.org/requirements -> websites/www.eprocurementtoolkit.org/20210302191049/requirements/index.html (141/278)
http://www.eprocurementtoolkit.org:80/requirements-results-view/1000,1020,1030,1010,1040,2000,2010,2020,2030,2040,2050,2060,3000,3010,3020,3030,4000,4010,4020,4025,4030,4040,5000,5010,5020,5030,6000,6010,6020,6040,6050,6060,7000,7010,7020,8000,8010,8020,8030,8040,8050,8060,9000,9010,9020,9030,10000,10010,10020,10030,10040,10050,11000,11010,11020,11030,11040,11050,11060,12000,12010,12020,12030,13000,13010,13020,13030,13040,13050,14000,14010,14020,14030,14040,14050,14060,14070,14080,14090 # File name too long @ dir_s_mkdir - websites/www.eprocurementtoolkit.org/20180128103753/requirements-results-view/1000,1020,1030,1010,1040,2000,2010,2020,2030,2040,2050,2060,3000,3010,3020,3030,4000,4010,4020,4025,4030,4040,5000,5010,5020,5030,6000,6010,6020,6040,6050,6060,7000,7010,7020,8000,8010,8020,8030,8040,8050,8060,9000,9010,9020,9030,10000,10010,10020,10030,10040,10050,11000,11010,11020,11030,11040,11050,11060,12000,12010,12020,12030,13000,13010,13020,13030,13040,13050,14000,14010,14020,14030,14040,14050,14060,14070,14080,14090
http://www.eprocurementtoolkit.org:80/requirements-results-view/1000,1020,1030,1010,1040,2000,2010,2020,2030,2040,2050,2060,3000,3010,3020,3030,4000,4010,4020,4025,4030,4040,5000,5010,5020,5030,6000,6010,6020,6040,6050,6060,7000,7010,7020,8000,8010,8020,8030,8040,8050,8060,9000,9010,9020,9030,10000,10010,10020,10030,10040,10050,11000,11010,11020,11030,11040,11050,11060,12000,12010,12020,12030,13000,13010,13020,13030,13040,13050,14000,14010,14020,14030,14040,14050,14060,14070,14080,14090 -> websites/www.eprocurementtoolkit.org/20180128103753/requirements-results-view/1000,1020,1030,1010,1040,2000,2010,2020,2030,2040,2050,2060,3000,3010,3020,3030,4000,4010,4020,4025,4030,4040,5000,5010,5020,5030,6000,6010,6020,6040,6050,6060,7000,7010,7020,8000,8010,8020,8030,8040,8050,8060,9000,9010,9020,9030,10000,10010,10020,10030,10040,10050,11000,11010,11020,11030,11040,11050,11060,12000,12010,12020,12030,13000,13010,13020,13030,13040,13050,14000,14010,14020,14030,14040,14050,14060,14070,14080,14090/index.html (142/278)
http://www.eprocurementtoolkit.org:80/requirements-results-view/1000,1020,1030,1010,1040,2000,2010,2020,2030,2040,2050,2060,3000,3010,3020,3030,4000,4010,4020,4025,4030,4040,5000,5010,5020,5030,6000,6010,6020,6040,6050,6060,7000,7010,7020,8000,8010,8020,8030,8040,8050,8060,9000,9010,9020,9030,10000,10010,10020,10030,10040,10050,11000,11010,11020,11030,11040,11050,11060,12000,12010,12020,12030,13000,13010,13020,13030,13040,13050,14000,14010,14020,14030,14040,14050,14060,14070,14080,14090 # File name too long @ dir_s_mkdir - websites/www.eprocurementtoolkit.org/20180228195945/requirements-results-view/1000,1020,1030,1010,1040,2000,2010,2020,2030,2040,2050,2060,3000,3010,3020,3030,4000,4010,4020,4025,4030,4040,5000,5010,5020,5030,6000,6010,6020,6040,6050,6060,7000,7010,7020,8000,8010,8020,8030,8040,8050,8060,9000,9010,9020,9030,10000,10010,10020,10030,10040,10050,11000,11010,11020,11030,11040,11050,11060,12000,12010,12020,12030,13000,13010,13020,13030,13040,13050,14000,14010,14020,14030,14040,14050,14060,14070,14080,14090
http://www.eprocurementtoolkit.org:80/requirements-results-view/1000,1020,1030,1010,1040,2000,2010,2020,2030,2040,2050,2060,3000,3010,3020,3030,4000,4010,4020,4025,4030,4040,5000,5010,5020,5030,6000,6010,6020,6040,6050,6060,7000,7010,7020,8000,8010,8020,8030,8040,8050,8060,9000,9010,9020,9030,10000,10010,10020,10030,10040,10050,11000,11010,11020,11030,11040,11050,11060,12000,12010,12020,12030,13000,13010,13020,13030,13040,13050,14000,14010,14020,14030,14040,14050,14060,14070,14080,14090 -> websites/www.eprocurementtoolkit.org/20180228195945/requirements-results-view/1000,1020,1030,1010,1040,2000,2010,2020,2030,2040,2050,2060,3000,3010,3020,3030,4000,4010,4020,4025,4030,4040,5000,5010,5020,5030,6000,6010,6020,6040,6050,6060,7000,7010,7020,8000,8010,8020,8030,8040,8050,8060,9000,9010,9020,9030,10000,10010,10020,10030,10040,10050,11000,11010,11020,11030,11040,11050,11060,12000,12010,12020,12030,13000,13010,13020,13030,13040,13050,14000,14010,14020,14030,14040,14050,14060,14070,14080,14090/index.html (143/278)
http://www.eprocurementtoolkit.org:80/requirements-results-view/1000,1020,1030,1010,1040,2000,2010,2020,2030,2040,2050,2060,3000,3010,3020,3030,4000,4010,4020,4025,4030,4040,5000,5010,5020,5030,6000,6010,6020,6040,6050,6060,7000,7010,7020,8000,8010,8020,8030,8040,8050,8060,9000,9010,9020,9030,10000,10010,10020,10030,10040,10050,11000,11010,11020,11030,11040,11050,11060,12000,12010,12020,12030,13000,13010,13020,13030,13040,13050,14000,14010,14020,14030,14040,14050,14060,14070,14080,14090 # File name too long @ dir_s_mkdir - websites/www.eprocurementtoolkit.org/20180331172018/requirements-results-view/1000,1020,1030,1010,1040,2000,2010,2020,2030,2040,2050,2060,3000,3010,3020,3030,4000,4010,4020,4025,4030,4040,5000,5010,5020,5030,6000,6010,6020,6040,6050,6060,7000,7010,7020,8000,8010,8020,8030,8040,8050,8060,9000,9010,9020,9030,10000,10010,10020,10030,10040,10050,11000,11010,11020,11030,11040,11050,11060,12000,12010,12020,12030,13000,13010,13020,13030,13040,13050,14000,14010,14020,14030,14040,14050,14060,14070,14080,14090
http://www.eprocurementtoolkit.org:80/requirements-results-view/1000,1020,1030,1010,1040,2000,2010,2020,2030,2040,2050,2060,3000,3010,3020,3030,4000,4010,4020,4025,4030,4040,5000,5010,5020,5030,6000,6010,6020,6040,6050,6060,7000,7010,7020,8000,8010,8020,8030,8040,8050,8060,9000,9010,9020,9030,10000,10010,10020,10030,10040,10050,11000,11010,11020,11030,11040,11050,11060,12000,12010,12020,12030,13000,13010,13020,13030,13040,13050,14000,14010,14020,14030,14040,14050,14060,14070,14080,14090 -> websites/www.eprocurementtoolkit.org/20180331172018/requirements-results-view/1000,1020,1030,1010,1040,2000,2010,2020,2030,2040,2050,2060,3000,3010,3020,3030,4000,4010,4020,4025,4030,4040,5000,5010,5020,5030,6000,6010,6020,6040,6050,6060,7000,7010,7020,8000,8010,8020,8030,8040,8050,8060,9000,9010,9020,9030,10000,10010,10020,10030,10040,10050,11000,11010,11020,11030,11040,11050,11060,12000,12010,12020,12030,13000,13010,13020,13030,13040,13050,14000,14010,14020,14030,14040,14050,14060,14070,14080,14090/index.html (144/278)
http://www.eprocurementtoolkit.org:80/requirements-results-view/1000,1020,1030,1010,1040,2000,2010,2020,2030,2040,2050,2060,3000,3010,3020,3030,4000,4010,4020,4025,4030,4040,5000,5010,5020,5030,6000,6010,6020,6040,6050,6060,7000,7010,7020,8000,8010,8020,8030,8040,8050,8060,9000,9010,9020,9030,10000,10010,10020,10030,10040,10050,11000,11010,11020,11030,11040,11050,11060,12000,12010,12020,12030,13000,13010,13020,13030,13040,13050,14000,14010,14020,14030,14040,14050,14060,14070,14080,14090 # File name too long @ dir_s_mkdir - websites/www.eprocurementtoolkit.org/20180501144752/requirements-results-view/1000,1020,1030,1010,1040,2000,2010,2020,2030,2040,2050,2060,3000,3010,3020,3030,4000,4010,4020,4025,4030,4040,5000,5010,5020,5030,6000,6010,6020,6040,6050,6060,7000,7010,7020,8000,8010,8020,8030,8040,8050,8060,9000,9010,9020,9030,10000,10010,10020,10030,10040,10050,11000,11010,11020,11030,11040,11050,11060,12000,12010,12020,12030,13000,13010,13020,13030,13040,13050,14000,14010,14020,14030,14040,14050,14060,14070,14080,14090
http://www.eprocurementtoolkit.org:80/requirements-results-view/1000,1020,1030,1010,1040,2000,2010,2020,2030,2040,2050,2060,3000,3010,3020,3030,4000,4010,4020,4025,4030,4040,5000,5010,5020,5030,6000,6010,6020,6040,6050,6060,7000,7010,7020,8000,8010,8020,8030,8040,8050,8060,9000,9010,9020,9030,10000,10010,10020,10030,10040,10050,11000,11010,11020,11030,11040,11050,11060,12000,12010,12020,12030,13000,13010,13020,13030,13040,13050,14000,14010,14020,14030,14040,14050,14060,14070,14080,14090 -> websites/www.eprocurementtoolkit.org/20180501144752/requirements-results-view/1000,1020,1030,1010,1040,2000,2010,2020,2030,2040,2050,2060,3000,3010,3020,3030,4000,4010,4020,4025,4030,4040,5000,5010,5020,5030,6000,6010,6020,6040,6050,6060,7000,7010,7020,8000,8010,8020,8030,8040,8050,8060,9000,9010,9020,9030,10000,10010,10020,10030,10040,10050,11000,11010,11020,11030,11040,11050,11060,12000,12010,12020,12030,13000,13010,13020,13030,13040,13050,14000,14010,14020,14030,14040,14050,14060,14070,14080,14090/index.html (145/278)
http://www.eprocurementtoolkit.org:80/requirements-results-view/1000,1020,1030,1010,1040,2000,2010,2020,2030,2040,2050,2060,3000,3010,3020,3030,4000,4010,4020,4025,4030,4040,5000,5010,5020,5030,6000,6010,6020,6040,6050,6060,7000,7010,7020,8000,8010,8020,8030,8040,8050,8060,9000,9010,9020,9030,10000,10010,10020,10030,10040,10050,11000,11010,11020,11030,11040,11050,11060,12000,12010,12020,12030,13000,13010,13020,13030,13040,13050,14000,14010,14020,14030,14040,14050,14060,14070,14080,14090 # File name too long @ dir_s_mkdir - websites/www.eprocurementtoolkit.org/20180601212456/requirements-results-view/1000,1020,1030,1010,1040,2000,2010,2020,2030,2040,2050,2060,3000,3010,3020,3030,4000,4010,4020,4025,4030,4040,5000,5010,5020,5030,6000,6010,6020,6040,6050,6060,7000,7010,7020,8000,8010,8020,8030,8040,8050,8060,9000,9010,9020,9030,10000,10010,10020,10030,10040,10050,11000,11010,11020,11030,11040,11050,11060,12000,12010,12020,12030,13000,13010,13020,13030,13040,13050,14000,14010,14020,14030,14040,14050,14060,14070,14080,14090
http://www.eprocurementtoolkit.org:80/requirements-results-view/1000,1020,1030,1010,1040,2000,2010,2020,2030,2040,2050,2060,3000,3010,3020,3030,4000,4010,4020,4025,4030,4040,5000,5010,5020,5030,6000,6010,6020,6040,6050,6060,7000,7010,7020,8000,8010,8020,8030,8040,8050,8060,9000,9010,9020,9030,10000,10010,10020,10030,10040,10050,11000,11010,11020,11030,11040,11050,11060,12000,12010,12020,12030,13000,13010,13020,13030,13040,13050,14000,14010,14020,14030,14040,14050,14060,14070,14080,14090 -> websites/www.eprocurementtoolkit.org/20180601212456/requirements-results-view/1000,1020,1030,1010,1040,2000,2010,2020,2030,2040,2050,2060,3000,3010,3020,3030,4000,4010,4020,4025,4030,4040,5000,5010,5020,5030,6000,6010,6020,6040,6050,6060,7000,7010,7020,8000,8010,8020,8030,8040,8050,8060,9000,9010,9020,9030,10000,10010,10020,10030,10040,10050,11000,11010,11020,11030,11040,11050,11060,12000,12010,12020,12030,13000,13010,13020,13030,13040,13050,14000,14010,14020,14030,14040,14050,14060,14070,14080,14090/index.html (146/278)
http://www.eprocurementtoolkit.org:80/requirements-results-view/1000,1020,1030,1010,1040,2000,2010,2020,2030,2040,2050,2060,3000,3010,3020,3030,4000,4010,4020,4025,4030,4040,5000,5010,5020,5030,6000,6010,6020,6040,6050,6060,7000,7010,7020,8000,8010,8020,8030,8040,8050,8060,9000,9010,9020,9030,10000,10010,10020,10030,10040,10050,11000,11010,11020,11030,11040,11050,11060,12000,12010,12020,12030,13000,13010,13020,13030,13040,13050,14000,14010,14020,14030,14040,14050,14060,14070,14080,14090 # File name too long @ dir_s_mkdir - websites/www.eprocurementtoolkit.org/20180703132743/requirements-results-view/1000,1020,1030,1010,1040,2000,2010,2020,2030,2040,2050,2060,3000,3010,3020,3030,4000,4010,4020,4025,4030,4040,5000,5010,5020,5030,6000,6010,6020,6040,6050,6060,7000,7010,7020,8000,8010,8020,8030,8040,8050,8060,9000,9010,9020,9030,10000,10010,10020,10030,10040,10050,11000,11010,11020,11030,11040,11050,11060,12000,12010,12020,12030,13000,13010,13020,13030,13040,13050,14000,14010,14020,14030,14040,14050,14060,14070,14080,14090
http://www.eprocurementtoolkit.org:80/requirements-results-view/1000,1020,1030,1010,1040,2000,2010,2020,2030,2040,2050,2060,3000,3010,3020,3030,4000,4010,4020,4025,4030,4040,5000,5010,5020,5030,6000,6010,6020,6040,6050,6060,7000,7010,7020,8000,8010,8020,8030,8040,8050,8060,9000,9010,9020,9030,10000,10010,10020,10030,10040,10050,11000,11010,11020,11030,11040,11050,11060,12000,12010,12020,12030,13000,13010,13020,13030,13040,13050,14000,14010,14020,14030,14040,14050,14060,14070,14080,14090 -> websites/www.eprocurementtoolkit.org/20180703132743/requirements-results-view/1000,1020,1030,1010,1040,2000,2010,2020,2030,2040,2050,2060,3000,3010,3020,3030,4000,4010,4020,4025,4030,4040,5000,5010,5020,5030,6000,6010,6020,6040,6050,6060,7000,7010,7020,8000,8010,8020,8030,8040,8050,8060,9000,9010,9020,9030,10000,10010,10020,10030,10040,10050,11000,11010,11020,11030,11040,11050,11060,12000,12010,12020,12030,13000,13010,13020,13030,13040,13050,14000,14010,14020,14030,14040,14050,14060,14070,14080,14090/index.html (147/278)
http://www.eprocurementtoolkit.org:80/requirements-results-view/1000,1020,1030,1010,1040,2000,2010,2020,2030,2040,2050,2060,3000,3010,3020,3030,4000,4010,4020,4025,4030,4040,5000,5010,5020,5030,6000,6010,6020,6040,6050,6060,7000,7010,7020,8000,8010,8020,8030,8040,8050,8060,9000,9010,9020,9030,10000,10010,10020,10030,10040,10050,11000,11010,11020,11030,11040,11050,11060,12000,12010,12020,12030,13000,13010,13020,13030,13040,13050,14000,14010,14020,14030,14040,14050,14060,14070,14080,14090 # File name too long @ dir_s_mkdir - websites/www.eprocurementtoolkit.org/20180804071251/requirements-results-view/1000,1020,1030,1010,1040,2000,2010,2020,2030,2040,2050,2060,3000,3010,3020,3030,4000,4010,4020,4025,4030,4040,5000,5010,5020,5030,6000,6010,6020,6040,6050,6060,7000,7010,7020,8000,8010,8020,8030,8040,8050,8060,9000,9010,9020,9030,10000,10010,10020,10030,10040,10050,11000,11010,11020,11030,11040,11050,11060,12000,12010,12020,12030,13000,13010,13020,13030,13040,13050,14000,14010,14020,14030,14040,14050,14060,14070,14080,14090
http://www.eprocurementtoolkit.org:80/requirements-results-view/1000,1020,1030,1010,1040,2000,2010,2020,2030,2040,2050,2060,3000,3010,3020,3030,4000,4010,4020,4025,4030,4040,5000,5010,5020,5030,6000,6010,6020,6040,6050,6060,7000,7010,7020,8000,8010,8020,8030,8040,8050,8060,9000,9010,9020,9030,10000,10010,10020,10030,10040,10050,11000,11010,11020,11030,11040,11050,11060,12000,12010,12020,12030,13000,13010,13020,13030,13040,13050,14000,14010,14020,14030,14040,14050,14060,14070,14080,14090 -> websites/www.eprocurementtoolkit.org/20180804071251/requirements-results-view/1000,1020,1030,1010,1040,2000,2010,2020,2030,2040,2050,2060,3000,3010,3020,3030,4000,4010,4020,4025,4030,4040,5000,5010,5020,5030,6000,6010,6020,6040,6050,6060,7000,7010,7020,8000,8010,8020,8030,8040,8050,8060,9000,9010,9020,9030,10000,10010,10020,10030,10040,10050,11000,11010,11020,11030,11040,11050,11060,12000,12010,12020,12030,13000,13010,13020,13030,13040,13050,14000,14010,14020,14030,14040,14050,14060,14070,14080,14090/index.html (148/278)
http://www.eprocurementtoolkit.org:80/requirements-results-view/1000,1020,1030,1010,1040,2000,2010,2020,2030,2040,2050,2060,3000,3010,3020,3030,4000,4010,4020,4025,4030,4040,5000,5010,5020,5030,6000,6010,6020,6040,6050,6060,7000,7010,7020,8000,8010,8020,8030,8040,8050,8060,9000,9010,9020,9030,10000,10010,10020,10030,10040,10050,11000,11010,11020,11030,11040,11050,11060,12000,12010,12020,12030,13000,13010,13020,13030,13040,13050,14000,14010,14020,14030,14040,14050,14060,14070,14080,14090 # File name too long @ dir_s_mkdir - websites/www.eprocurementtoolkit.org/20180904121144/requirements-results-view/1000,1020,1030,1010,1040,2000,2010,2020,2030,2040,2050,2060,3000,3010,3020,3030,4000,4010,4020,4025,4030,4040,5000,5010,5020,5030,6000,6010,6020,6040,6050,6060,7000,7010,7020,8000,8010,8020,8030,8040,8050,8060,9000,9010,9020,9030,10000,10010,10020,10030,10040,10050,11000,11010,11020,11030,11040,11050,11060,12000,12010,12020,12030,13000,13010,13020,13030,13040,13050,14000,14010,14020,14030,14040,14050,14060,14070,14080,14090
http://www.eprocurementtoolkit.org:80/requirements-results-view/1000,1020,1030,1010,1040,2000,2010,2020,2030,2040,2050,2060,3000,3010,3020,3030,4000,4010,4020,4025,4030,4040,5000,5010,5020,5030,6000,6010,6020,6040,6050,6060,7000,7010,7020,8000,8010,8020,8030,8040,8050,8060,9000,9010,9020,9030,10000,10010,10020,10030,10040,10050,11000,11010,11020,11030,11040,11050,11060,12000,12010,12020,12030,13000,13010,13020,13030,13040,13050,14000,14010,14020,14030,14040,14050,14060,14070,14080,14090 -> websites/www.eprocurementtoolkit.org/20180904121144/requirements-results-view/1000,1020,1030,1010,1040,2000,2010,2020,2030,2040,2050,2060,3000,3010,3020,3030,4000,4010,4020,4025,4030,4040,5000,5010,5020,5030,6000,6010,6020,6040,6050,6060,7000,7010,7020,8000,8010,8020,8030,8040,8050,8060,9000,9010,9020,9030,10000,10010,10020,10030,10040,10050,11000,11010,11020,11030,11040,11050,11060,12000,12010,12020,12030,13000,13010,13020,13030,13040,13050,14000,14010,14020,14030,14040,14050,14060,14070,14080,14090/index.html (149/278)
http://www.eprocurementtoolkit.org:80/requirements-results-view/1000,1020,1030,1010,1040,2000,2010,2020,2030,2040,2050,2060,3000,3010,3020,3030,4000,4010,4020,4025,4030,4040,5000,5010,5020,5030,6000,6010,6020,6040,6050,6060,7000,7010,7020,8000,8010,8020,8030,8040,8050,8060,9000,9010,9020,9030,10000,10010,10020,10030,10040,10050,11000,11010,11020,11030,11040,11050,11060,12000,12010,12020,12030,13000,13010,13020,13030,13040,13050,14000,14010,14020,14030,14040,14050,14060,14070,14080,14090 # File name too long @ dir_s_mkdir - websites/www.eprocurementtoolkit.org/20181006010018/requirements-results-view/1000,1020,1030,1010,1040,2000,2010,2020,2030,2040,2050,2060,3000,3010,3020,3030,4000,4010,4020,4025,4030,4040,5000,5010,5020,5030,6000,6010,6020,6040,6050,6060,7000,7010,7020,8000,8010,8020,8030,8040,8050,8060,9000,9010,9020,9030,10000,10010,10020,10030,10040,10050,11000,11010,11020,11030,11040,11050,11060,12000,12010,12020,12030,13000,13010,13020,13030,13040,13050,14000,14010,14020,14030,14040,14050,14060,14070,14080,14090
http://www.eprocurementtoolkit.org:80/requirements-results-view/1000,1020,1030,1010,1040,2000,2010,2020,2030,2040,2050,2060,3000,3010,3020,3030,4000,4010,4020,4025,4030,4040,5000,5010,5020,5030,6000,6010,6020,6040,6050,6060,7000,7010,7020,8000,8010,8020,8030,8040,8050,8060,9000,9010,9020,9030,10000,10010,10020,10030,10040,10050,11000,11010,11020,11030,11040,11050,11060,12000,12010,12020,12030,13000,13010,13020,13030,13040,13050,14000,14010,14020,14030,14040,14050,14060,14070,14080,14090 -> websites/www.eprocurementtoolkit.org/20181006010018/requirements-results-view/1000,1020,1030,1010,1040,2000,2010,2020,2030,2040,2050,2060,3000,3010,3020,3030,4000,4010,4020,4025,4030,4040,5000,5010,5020,5030,6000,6010,6020,6040,6050,6060,7000,7010,7020,8000,8010,8020,8030,8040,8050,8060,9000,9010,9020,9030,10000,10010,10020,10030,10040,10050,11000,11010,11020,11030,11040,11050,11060,12000,12010,12020,12030,13000,13010,13020,13030,13040,13050,14000,14010,14020,14030,14040,14050,14060,14070,14080,14090/index.html (150/278)
http://www.eprocurementtoolkit.org:80/requirements-results-view/1000,1020,1030,1010,1040,2000,2010,2020,2030,2040,2050,2060,3000,3010,3020,3030,4000,4010,4020,4025,4030,4040,5000,5010,5020,5030,6000,6010,6020,6040,6050,6060,7000,7010,7020,8000,8010,8020,8030,8040,8050,8060,9000,9010,9020,9030,10000,10010,10020,10030,10040,10050,11000,11010,11020,11030,11040,11050,11060,12000,12010,12020,12030,13000,13010,13020,13030,13040,13050,14000,14010,14020,14030,14040,14050,14060,14070,14080,14090 # File name too long @ dir_s_mkdir - websites/www.eprocurementtoolkit.org/20181107045100/requirements-results-view/1000,1020,1030,1010,1040,2000,2010,2020,2030,2040,2050,2060,3000,3010,3020,3030,4000,4010,4020,4025,4030,4040,5000,5010,5020,5030,6000,6010,6020,6040,6050,6060,7000,7010,7020,8000,8010,8020,8030,8040,8050,8060,9000,9010,9020,9030,10000,10010,10020,10030,10040,10050,11000,11010,11020,11030,11040,11050,11060,12000,12010,12020,12030,13000,13010,13020,13030,13040,13050,14000,14010,14020,14030,14040,14050,14060,14070,14080,14090
http://www.eprocurementtoolkit.org:80/requirements-results-view/1000,1020,1030,1010,1040,2000,2010,2020,2030,2040,2050,2060,3000,3010,3020,3030,4000,4010,4020,4025,4030,4040,5000,5010,5020,5030,6000,6010,6020,6040,6050,6060,7000,7010,7020,8000,8010,8020,8030,8040,8050,8060,9000,9010,9020,9030,10000,10010,10020,10030,10040,10050,11000,11010,11020,11030,11040,11050,11060,12000,12010,12020,12030,13000,13010,13020,13030,13040,13050,14000,14010,14020,14030,14040,14050,14060,14070,14080,14090 -> websites/www.eprocurementtoolkit.org/20181107045100/requirements-results-view/1000,1020,1030,1010,1040,2000,2010,2020,2030,2040,2050,2060,3000,3010,3020,3030,4000,4010,4020,4025,4030,4040,5000,5010,5020,5030,6000,6010,6020,6040,6050,6060,7000,7010,7020,8000,8010,8020,8030,8040,8050,8060,9000,9010,9020,9030,10000,10010,10020,10030,10040,10050,11000,11010,11020,11030,11040,11050,11060,12000,12010,12020,12030,13000,13010,13020,13030,13040,13050,14000,14010,14020,14030,14040,14050,14060,14070,14080,14090/index.html (151/278)
http://www.eprocurementtoolkit.org:80/requirements-results-view/1000,1020,1030,1010,1040,2000,2010,2020,2030,2040,2050,2060,3000,3010,3020,3030,4000,4010,4020,4025,4030,4040,5000,5010,5020,5030,6000,6010,6020,6040,6050,6060,7000,7010,7020,8000,8010,8020,8030,8040,8050,8060,9000,9010,9020,9030,10000,10010,10020,10030,10040,10050,11000,11010,11020,11030,11040,11050,11060,12000,12010,12020,12030,13000,13010,13020,13030,13040,13050,14000,14010,14020,14030,14040,14050,14060,14070,14080,14090 # File name too long @ dir_s_mkdir - websites/www.eprocurementtoolkit.org/20181208062339/requirements-results-view/1000,1020,1030,1010,1040,2000,2010,2020,2030,2040,2050,2060,3000,3010,3020,3030,4000,4010,4020,4025,4030,4040,5000,5010,5020,5030,6000,6010,6020,6040,6050,6060,7000,7010,7020,8000,8010,8020,8030,8040,8050,8060,9000,9010,9020,9030,10000,10010,10020,10030,10040,10050,11000,11010,11020,11030,11040,11050,11060,12000,12010,12020,12030,13000,13010,13020,13030,13040,13050,14000,14010,14020,14030,14040,14050,14060,14070,14080,14090
http://www.eprocurementtoolkit.org:80/requirements-results-view/1000,1020,1030,1010,1040,2000,2010,2020,2030,2040,2050,2060,3000,3010,3020,3030,4000,4010,4020,4025,4030,4040,5000,5010,5020,5030,6000,6010,6020,6040,6050,6060,7000,7010,7020,8000,8010,8020,8030,8040,8050,8060,9000,9010,9020,9030,10000,10010,10020,10030,10040,10050,11000,11010,11020,11030,11040,11050,11060,12000,12010,12020,12030,13000,13010,13020,13030,13040,13050,14000,14010,14020,14030,14040,14050,14060,14070,14080,14090 -> websites/www.eprocurementtoolkit.org/20181208062339/requirements-results-view/1000,1020,1030,1010,1040,2000,2010,2020,2030,2040,2050,2060,3000,3010,3020,3030,4000,4010,4020,4025,4030,4040,5000,5010,5020,5030,6000,6010,6020,6040,6050,6060,7000,7010,7020,8000,8010,8020,8030,8040,8050,8060,9000,9010,9020,9030,10000,10010,10020,10030,10040,10050,11000,11010,11020,11030,11040,11050,11060,12000,12010,12020,12030,13000,13010,13020,13030,13040,13050,14000,14010,14020,14030,14040,14050,14060,14070,14080,14090/index.html (152/278)
http://www.eprocurementtoolkit.org:80/requirements-results-view/1000,1020,1030,1010,1040,2000,2010,2020,2030,2040,2050,2060,3000,3010,3020,3030,4000,4010,4020,4025,4030,4040,5000,5010,5020,5030,6000,6010,6020,6040,6050,6060,7000,7010,7020,8000,8010,8020,8030,8040,8050,8060,9000,9010,9020,9030,10000,10010,10020,10030,10040,10050,11000,11010,11020,11030,11040,11050,11060,12000,12010,12020,12030,13000,13010,13020,13030,13040,13050,14000,14010,14020,14030,14040,14050,14060,14070,14080,14090 # File name too long @ dir_s_mkdir - websites/www.eprocurementtoolkit.org/20190108092217/requirements-results-view/1000,1020,1030,1010,1040,2000,2010,2020,2030,2040,2050,2060,3000,3010,3020,3030,4000,4010,4020,4025,4030,4040,5000,5010,5020,5030,6000,6010,6020,6040,6050,6060,7000,7010,7020,8000,8010,8020,8030,8040,8050,8060,9000,9010,9020,9030,10000,10010,10020,10030,10040,10050,11000,11010,11020,11030,11040,11050,11060,12000,12010,12020,12030,13000,13010,13020,13030,13040,13050,14000,14010,14020,14030,14040,14050,14060,14070,14080,14090
http://www.eprocurementtoolkit.org:80/requirements-results-view/1000,1020,1030,1010,1040,2000,2010,2020,2030,2040,2050,2060,3000,3010,3020,3030,4000,4010,4020,4025,4030,4040,5000,5010,5020,5030,6000,6010,6020,6040,6050,6060,7000,7010,7020,8000,8010,8020,8030,8040,8050,8060,9000,9010,9020,9030,10000,10010,10020,10030,10040,10050,11000,11010,11020,11030,11040,11050,11060,12000,12010,12020,12030,13000,13010,13020,13030,13040,13050,14000,14010,14020,14030,14040,14050,14060,14070,14080,14090 -> websites/www.eprocurementtoolkit.org/20190108092217/requirements-results-view/1000,1020,1030,1010,1040,2000,2010,2020,2030,2040,2050,2060,3000,3010,3020,3030,4000,4010,4020,4025,4030,4040,5000,5010,5020,5030,6000,6010,6020,6040,6050,6060,7000,7010,7020,8000,8010,8020,8030,8040,8050,8060,9000,9010,9020,9030,10000,10010,10020,10030,10040,10050,11000,11010,11020,11030,11040,11050,11060,12000,12010,12020,12030,13000,13010,13020,13030,13040,13050,14000,14010,14020,14030,14040,14050,14060,14070,14080,14090/index.html (153/278)
http://www.eprocurementtoolkit.org:80/requirements-results-view/1000,1020,1030,1010,1040,2000,2010,2020,2030,2040,2050,2060,3000,3010,3020,3030,4000,4010,4020,4025,4030,4040,5000,5010,5020,5030,6000,6010,6020,6040,6050,6060,7000,7010,7020,8000,8010,8020,8030,8040,8050,8060,9000,9010,9020,9030,10000,10010,10020,10030,10040,10050,11000,11010,11020,11030,11040,11050,11060,12000,12010,12020,12030,13000,13010,13020,13030,13040,13050,14000,14010,14020,14030,14040,14050,14060,14070,14080,14090 # File name too long @ dir_s_mkdir - websites/www.eprocurementtoolkit.org/20190209034137/requirements-results-view/1000,1020,1030,1010,1040,2000,2010,2020,2030,2040,2050,2060,3000,3010,3020,3030,4000,4010,4020,4025,4030,4040,5000,5010,5020,5030,6000,6010,6020,6040,6050,6060,7000,7010,7020,8000,8010,8020,8030,8040,8050,8060,9000,9010,9020,9030,10000,10010,10020,10030,10040,10050,11000,11010,11020,11030,11040,11050,11060,12000,12010,12020,12030,13000,13010,13020,13030,13040,13050,14000,14010,14020,14030,14040,14050,14060,14070,14080,14090
http://www.eprocurementtoolkit.org:80/requirements-results-view/1000,1020,1030,1010,1040,2000,2010,2020,2030,2040,2050,2060,3000,3010,3020,3030,4000,4010,4020,4025,4030,4040,5000,5010,5020,5030,6000,6010,6020,6040,6050,6060,7000,7010,7020,8000,8010,8020,8030,8040,8050,8060,9000,9010,9020,9030,10000,10010,10020,10030,10040,10050,11000,11010,11020,11030,11040,11050,11060,12000,12010,12020,12030,13000,13010,13020,13030,13040,13050,14000,14010,14020,14030,14040,14050,14060,14070,14080,14090 -> websites/www.eprocurementtoolkit.org/20190209034137/requirements-results-view/1000,1020,1030,1010,1040,2000,2010,2020,2030,2040,2050,2060,3000,3010,3020,3030,4000,4010,4020,4025,4030,4040,5000,5010,5020,5030,6000,6010,6020,6040,6050,6060,7000,7010,7020,8000,8010,8020,8030,8040,8050,8060,9000,9010,9020,9030,10000,10010,10020,10030,10040,10050,11000,11010,11020,11030,11040,11050,11060,12000,12010,12020,12030,13000,13010,13020,13030,13040,13050,14000,14010,14020,14030,14040,14050,14060,14070,14080,14090/index.html (154/278)
http://www.eprocurementtoolkit.org:80/requirements-results-view/1000,1020,1030,1010,1040,2000,2010,2020,2030,2040,2050,2060,3000,3010,3020,3030,4000,4010,4020,4025,4030,4040,5000,5010,5020,5030,6000,6010,6020,6040,6050,6060,7000,7010,7020,8000,8010,8020,8030,8040,8050,8060,9000,9010,9020,9030,10000,10010,10020,10030,10040,10050,11000,11010,11020,11030,11040,11050,11060,12000,12010,12020,12030,13000,13010,13020,13030,13040,13050,14000,14010,14020,14030,14040,14050,14060,14070,14080,14090 # File name too long @ dir_s_mkdir - websites/www.eprocurementtoolkit.org/20190312203014/requirements-results-view/1000,1020,1030,1010,1040,2000,2010,2020,2030,2040,2050,2060,3000,3010,3020,3030,4000,4010,4020,4025,4030,4040,5000,5010,5020,5030,6000,6010,6020,6040,6050,6060,7000,7010,7020,8000,8010,8020,8030,8040,8050,8060,9000,9010,9020,9030,10000,10010,10020,10030,10040,10050,11000,11010,11020,11030,11040,11050,11060,12000,12010,12020,12030,13000,13010,13020,13030,13040,13050,14000,14010,14020,14030,14040,14050,14060,14070,14080,14090
http://www.eprocurementtoolkit.org:80/requirements-results-view/1000,1020,1030,1010,1040,2000,2010,2020,2030,2040,2050,2060,3000,3010,3020,3030,4000,4010,4020,4025,4030,4040,5000,5010,5020,5030,6000,6010,6020,6040,6050,6060,7000,7010,7020,8000,8010,8020,8030,8040,8050,8060,9000,9010,9020,9030,10000,10010,10020,10030,10040,10050,11000,11010,11020,11030,11040,11050,11060,12000,12010,12020,12030,13000,13010,13020,13030,13040,13050,14000,14010,14020,14030,14040,14050,14060,14070,14080,14090 -> websites/www.eprocurementtoolkit.org/20190312203014/requirements-results-view/1000,1020,1030,1010,1040,2000,2010,2020,2030,2040,2050,2060,3000,3010,3020,3030,4000,4010,4020,4025,4030,4040,5000,5010,5020,5030,6000,6010,6020,6040,6050,6060,7000,7010,7020,8000,8010,8020,8030,8040,8050,8060,9000,9010,9020,9030,10000,10010,10020,10030,10040,10050,11000,11010,11020,11030,11040,11050,11060,12000,12010,12020,12030,13000,13010,13020,13030,13040,13050,14000,14010,14020,14030,14040,14050,14060,14070,14080,14090/index.html (155/278)
http://www.eprocurementtoolkit.org:80/requirements-results-view/1000,1020,1030,1010,1040,2000,2010,2020,2030,2040,2050,2060,3000,3010,3020,3030,4000,4010,4020,4025,4030,4040,5000,5010,5020,5030,6000,6010,6020,6040,6050,6060,7000,7010,7020,8000,8010,8020,8030,8040,8050,8060,9000,9010,9020,9030,10000,10010,10020,10030,10040,10050,11000,11010,11020,11030,11040,11050,11060,12000,12010,12020,12030,13000,13010,13020,13030,13040,13050,14000,14010,14020,14030,14040,14050,14060,14070,14080,14090 # File name too long @ dir_s_mkdir - websites/www.eprocurementtoolkit.org/20190413061214/requirements-results-view/1000,1020,1030,1010,1040,2000,2010,2020,2030,2040,2050,2060,3000,3010,3020,3030,4000,4010,4020,4025,4030,4040,5000,5010,5020,5030,6000,6010,6020,6040,6050,6060,7000,7010,7020,8000,8010,8020,8030,8040,8050,8060,9000,9010,9020,9030,10000,10010,10020,10030,10040,10050,11000,11010,11020,11030,11040,11050,11060,12000,12010,12020,12030,13000,13010,13020,13030,13040,13050,14000,14010,14020,14030,14040,14050,14060,14070,14080,14090
http://www.eprocurementtoolkit.org:80/requirements-results-view/1000,1020,1030,1010,1040,2000,2010,2020,2030,2040,2050,2060,3000,3010,3020,3030,4000,4010,4020,4025,4030,4040,5000,5010,5020,5030,6000,6010,6020,6040,6050,6060,7000,7010,7020,8000,8010,8020,8030,8040,8050,8060,9000,9010,9020,9030,10000,10010,10020,10030,10040,10050,11000,11010,11020,11030,11040,11050,11060,12000,12010,12020,12030,13000,13010,13020,13030,13040,13050,14000,14010,14020,14030,14040,14050,14060,14070,14080,14090 -> websites/www.eprocurementtoolkit.org/20190413061214/requirements-results-view/1000,1020,1030,1010,1040,2000,2010,2020,2030,2040,2050,2060,3000,3010,3020,3030,4000,4010,4020,4025,4030,4040,5000,5010,5020,5030,6000,6010,6020,6040,6050,6060,7000,7010,7020,8000,8010,8020,8030,8040,8050,8060,9000,9010,9020,9030,10000,10010,10020,10030,10040,10050,11000,11010,11020,11030,11040,11050,11060,12000,12010,12020,12030,13000,13010,13020,13030,13040,13050,14000,14010,14020,14030,14040,14050,14060,14070,14080,14090/index.html (156/278)
http://www.eprocurementtoolkit.org:80/requirements-results-view/1000,1020,1030,1010,1040,2000,2010,2020,2030,2040,2050,2060,3000,3010,3020,3030,4000,4010,4020,4025,4030,4040,5000,5010,5020,5030,6000,6010,6020,6040,6050,6060,7000,7010,7020,8000,8010,8020,8030,8040,8050,8060,9000,9010,9020,9030,10000,10010,10020,10030,10040,10050,11000,11010,11020,11030,11040,11050,11060,12000,12010,12020,12030,13000,13010,13020,13030,13040,13050,14000,14010,14020,14030,14040,14050,14060,14070,14080,14090 # File name too long @ dir_s_mkdir - websites/www.eprocurementtoolkit.org/20190514085956/requirements-results-view/1000,1020,1030,1010,1040,2000,2010,2020,2030,2040,2050,2060,3000,3010,3020,3030,4000,4010,4020,4025,4030,4040,5000,5010,5020,5030,6000,6010,6020,6040,6050,6060,7000,7010,7020,8000,8010,8020,8030,8040,8050,8060,9000,9010,9020,9030,10000,10010,10020,10030,10040,10050,11000,11010,11020,11030,11040,11050,11060,12000,12010,12020,12030,13000,13010,13020,13030,13040,13050,14000,14010,14020,14030,14040,14050,14060,14070,14080,14090
http://www.eprocurementtoolkit.org:80/requirements-results-view/1000,1020,1030,1010,1040,2000,2010,2020,2030,2040,2050,2060,3000,3010,3020,3030,4000,4010,4020,4025,4030,4040,5000,5010,5020,5030,6000,6010,6020,6040,6050,6060,7000,7010,7020,8000,8010,8020,8030,8040,8050,8060,9000,9010,9020,9030,10000,10010,10020,10030,10040,10050,11000,11010,11020,11030,11040,11050,11060,12000,12010,12020,12030,13000,13010,13020,13030,13040,13050,14000,14010,14020,14030,14040,14050,14060,14070,14080,14090 -> websites/www.eprocurementtoolkit.org/20190514085956/requirements-results-view/1000,1020,1030,1010,1040,2000,2010,2020,2030,2040,2050,2060,3000,3010,3020,3030,4000,4010,4020,4025,4030,4040,5000,5010,5020,5030,6000,6010,6020,6040,6050,6060,7000,7010,7020,8000,8010,8020,8030,8040,8050,8060,9000,9010,9020,9030,10000,10010,10020,10030,10040,10050,11000,11010,11020,11030,11040,11050,11060,12000,12010,12020,12030,13000,13010,13020,13030,13040,13050,14000,14010,14020,14030,14040,14050,14060,14070,14080,14090/index.html (157/278)
http://www.eprocurementtoolkit.org:80/requirements-results-view/1000,1020,1030,1010,1040,2000,2010,2020,2030,2040,2050,2060,3000,3010,3020,3030,4000,4010,4020,4025,4030,4040,5000,5010,5020,5030,6000,6010,6020,6040,6050,6060,7000,7010,7020,8000,8010,8020,8030,8040,8050,8060,9000,9010,9020,9030,10000,10010,10020,10030,10040,10050,11000,11010,11020,11030,11040,11050,11060,12000,12010,12020,12030,13000,13010,13020,13030,13040,13050,14000,14010,14020,14030,14040,14050,14060,14070,14080,14090 # File name too long @ dir_s_mkdir - websites/www.eprocurementtoolkit.org/20190614130829/requirements-results-view/1000,1020,1030,1010,1040,2000,2010,2020,2030,2040,2050,2060,3000,3010,3020,3030,4000,4010,4020,4025,4030,4040,5000,5010,5020,5030,6000,6010,6020,6040,6050,6060,7000,7010,7020,8000,8010,8020,8030,8040,8050,8060,9000,9010,9020,9030,10000,10010,10020,10030,10040,10050,11000,11010,11020,11030,11040,11050,11060,12000,12010,12020,12030,13000,13010,13020,13030,13040,13050,14000,14010,14020,14030,14040,14050,14060,14070,14080,14090
http://www.eprocurementtoolkit.org:80/requirements-results-view/1000,1020,1030,1010,1040,2000,2010,2020,2030,2040,2050,2060,3000,3010,3020,3030,4000,4010,4020,4025,4030,4040,5000,5010,5020,5030,6000,6010,6020,6040,6050,6060,7000,7010,7020,8000,8010,8020,8030,8040,8050,8060,9000,9010,9020,9030,10000,10010,10020,10030,10040,10050,11000,11010,11020,11030,11040,11050,11060,12000,12010,12020,12030,13000,13010,13020,13030,13040,13050,14000,14010,14020,14030,14040,14050,14060,14070,14080,14090 -> websites/www.eprocurementtoolkit.org/20190614130829/requirements-results-view/1000,1020,1030,1010,1040,2000,2010,2020,2030,2040,2050,2060,3000,3010,3020,3030,4000,4010,4020,4025,4030,4040,5000,5010,5020,5030,6000,6010,6020,6040,6050,6060,7000,7010,7020,8000,8010,8020,8030,8040,8050,8060,9000,9010,9020,9030,10000,10010,10020,10030,10040,10050,11000,11010,11020,11030,11040,11050,11060,12000,12010,12020,12030,13000,13010,13020,13030,13040,13050,14000,14010,14020,14030,14040,14050,14060,14070,14080,14090/index.html (158/278)
http://www.eprocurementtoolkit.org:80/requirements-results-view/1000,1020,1030,1010,1040,2000,2010,2020,2030,2040,2050,2060,3000,3010,3020,3030,4000,4010,4020,4025,4030,4040,5000,5010,5020,5030,6000,6010,6020,6040,6050,6060,7000,7010,7020,8000,8010,8020,8030,8040,8050,8060,9000,9010,9020,9030,10000,10010,10020,10030,10040,10050,11000,11010,11020,11030,11040,11050,11060,12000,12010,12020,12030,13000,13010,13020,13030,13040,13050,14000,14010,14020,14030,14040,14050,14060,14070,14080,14090 # File name too long @ dir_s_mkdir - websites/www.eprocurementtoolkit.org/20190730104055/requirements-results-view/1000,1020,1030,1010,1040,2000,2010,2020,2030,2040,2050,2060,3000,3010,3020,3030,4000,4010,4020,4025,4030,4040,5000,5010,5020,5030,6000,6010,6020,6040,6050,6060,7000,7010,7020,8000,8010,8020,8030,8040,8050,8060,9000,9010,9020,9030,10000,10010,10020,10030,10040,10050,11000,11010,11020,11030,11040,11050,11060,12000,12010,12020,12030,13000,13010,13020,13030,13040,13050,14000,14010,14020,14030,14040,14050,14060,14070,14080,14090
http://www.eprocurementtoolkit.org:80/requirements-results-view/1000,1020,1030,1010,1040,2000,2010,2020,2030,2040,2050,2060,3000,3010,3020,3030,4000,4010,4020,4025,4030,4040,5000,5010,5020,5030,6000,6010,6020,6040,6050,6060,7000,7010,7020,8000,8010,8020,8030,8040,8050,8060,9000,9010,9020,9030,10000,10010,10020,10030,10040,10050,11000,11010,11020,11030,11040,11050,11060,12000,12010,12020,12030,13000,13010,13020,13030,13040,13050,14000,14010,14020,14030,14040,14050,14060,14070,14080,14090 -> websites/www.eprocurementtoolkit.org/20190730104055/requirements-results-view/1000,1020,1030,1010,1040,2000,2010,2020,2030,2040,2050,2060,3000,3010,3020,3030,4000,4010,4020,4025,4030,4040,5000,5010,5020,5030,6000,6010,6020,6040,6050,6060,7000,7010,7020,8000,8010,8020,8030,8040,8050,8060,9000,9010,9020,9030,10000,10010,10020,10030,10040,10050,11000,11010,11020,11030,11040,11050,11060,12000,12010,12020,12030,13000,13010,13020,13030,13040,13050,14000,14010,14020,14030,14040,14050,14060,14070,14080,14090/index.html (159/278)
http://www.eprocurementtoolkit.org:80/requirements-results-view/1000,1020,1030,1010,1040,2000,2010,2020,2030,2040,2050,2060,3000,3010,3020,3030,4000,4010,4020,4025,4030,4040,5000,5010,5020,5030,6000,6010,6020,6040,6050,6060,7000,7010,7020,8000,8010,8020,8030,8040,8050,8060,9000,9010,9020,9030,10000,10010,10020,10030,10040,10050,11000,11010,11020,11030,11040,11050,11060,12000,12010,12020,12030,13000,13010,13020,13030,13040,13050,14000,14010,14020,14030,14040,14050,14060,14070,14080,14090 # File name too long @ dir_s_mkdir - websites/www.eprocurementtoolkit.org/20190901013452/requirements-results-view/1000,1020,1030,1010,1040,2000,2010,2020,2030,2040,2050,2060,3000,3010,3020,3030,4000,4010,4020,4025,4030,4040,5000,5010,5020,5030,6000,6010,6020,6040,6050,6060,7000,7010,7020,8000,8010,8020,8030,8040,8050,8060,9000,9010,9020,9030,10000,10010,10020,10030,10040,10050,11000,11010,11020,11030,11040,11050,11060,12000,12010,12020,12030,13000,13010,13020,13030,13040,13050,14000,14010,14020,14030,14040,14050,14060,14070,14080,14090
http://www.eprocurementtoolkit.org:80/requirements-results-view/1000,1020,1030,1010,1040,2000,2010,2020,2030,2040,2050,2060,3000,3010,3020,3030,4000,4010,4020,4025,4030,4040,5000,5010,5020,5030,6000,6010,6020,6040,6050,6060,7000,7010,7020,8000,8010,8020,8030,8040,8050,8060,9000,9010,9020,9030,10000,10010,10020,10030,10040,10050,11000,11010,11020,11030,11040,11050,11060,12000,12010,12020,12030,13000,13010,13020,13030,13040,13050,14000,14010,14020,14030,14040,14050,14060,14070,14080,14090 -> websites/www.eprocurementtoolkit.org/20190901013452/requirements-results-view/1000,1020,1030,1010,1040,2000,2010,2020,2030,2040,2050,2060,3000,3010,3020,3030,4000,4010,4020,4025,4030,4040,5000,5010,5020,5030,6000,6010,6020,6040,6050,6060,7000,7010,7020,8000,8010,8020,8030,8040,8050,8060,9000,9010,9020,9030,10000,10010,10020,10030,10040,10050,11000,11010,11020,11030,11040,11050,11060,12000,12010,12020,12030,13000,13010,13020,13030,13040,13050,14000,14010,14020,14030,14040,14050,14060,14070,14080,14090/index.html (160/278)
http://www.eprocurementtoolkit.org:80/requirements-results-view/1000,1020,1030,1010,1040,2000,2010,2020,2030,2040,2050,2060,3000,3010,3020,3030,4000,4010,4020,4025,4030,4040,5000,5010,5020,5030,6000,6010,6020,6040,6050,6060,7000,7010,7020,8000,8010,8020,8030,8040,8050,8060,9000,9010,9020,9030,10000,10010,10020,10030,10040,10050,11000,11010,11020,11030,11040,11050,11060,12000,12010,12020,12030,13000,13010,13020,13030,13040,13050,14000,14010,14020,14030,14040,14050,14060,14070,14080,14090 # File name too long @ dir_s_mkdir - websites/www.eprocurementtoolkit.org/20191030192339/requirements-results-view/1000,1020,1030,1010,1040,2000,2010,2020,2030,2040,2050,2060,3000,3010,3020,3030,4000,4010,4020,4025,4030,4040,5000,5010,5020,5030,6000,6010,6020,6040,6050,6060,7000,7010,7020,8000,8010,8020,8030,8040,8050,8060,9000,9010,9020,9030,10000,10010,10020,10030,10040,10050,11000,11010,11020,11030,11040,11050,11060,12000,12010,12020,12030,13000,13010,13020,13030,13040,13050,14000,14010,14020,14030,14040,14050,14060,14070,14080,14090
http://www.eprocurementtoolkit.org:80/requirements-results-view/1000,1020,1030,1010,1040,2000,2010,2020,2030,2040,2050,2060,3000,3010,3020,3030,4000,4010,4020,4025,4030,4040,5000,5010,5020,5030,6000,6010,6020,6040,6050,6060,7000,7010,7020,8000,8010,8020,8030,8040,8050,8060,9000,9010,9020,9030,10000,10010,10020,10030,10040,10050,11000,11010,11020,11030,11040,11050,11060,12000,12010,12020,12030,13000,13010,13020,13030,13040,13050,14000,14010,14020,14030,14040,14050,14060,14070,14080,14090 -> websites/www.eprocurementtoolkit.org/20191030192339/requirements-results-view/1000,1020,1030,1010,1040,2000,2010,2020,2030,2040,2050,2060,3000,3010,3020,3030,4000,4010,4020,4025,4030,4040,5000,5010,5020,5030,6000,6010,6020,6040,6050,6060,7000,7010,7020,8000,8010,8020,8030,8040,8050,8060,9000,9010,9020,9030,10000,10010,10020,10030,10040,10050,11000,11010,11020,11030,11040,11050,11060,12000,12010,12020,12030,13000,13010,13020,13030,13040,13050,14000,14010,14020,14030,14040,14050,14060,14070,14080,14090/index.html (161/278)
http://www.eprocurementtoolkit.org:80/requirements-results-view/1000,1020,1030,1010,1040,2000,2010,2020,2030,2040,2050,2060,3000,3010,3020,3030,4000,4010,4020,4025,4030,4040,5000,5010,5020,5030,6000,6010,6020,6040,6050,6060,7000,7010,7020,8000,8010,8020,8030,8040,8050,8060,9000,9010,9020,9030,10000,10010,10020,10030,10040,10050,11000,11010,11020,11030,11040,11050,11060,12000,12010,12020,12030,13000,13010,13020,13030,13040,13050,14000,14010,14020,14030,14040,14050,14060,14070,14080,14090 # File name too long @ dir_s_mkdir - websites/www.eprocurementtoolkit.org/20191130014752/requirements-results-view/1000,1020,1030,1010,1040,2000,2010,2020,2030,2040,2050,2060,3000,3010,3020,3030,4000,4010,4020,4025,4030,4040,5000,5010,5020,5030,6000,6010,6020,6040,6050,6060,7000,7010,7020,8000,8010,8020,8030,8040,8050,8060,9000,9010,9020,9030,10000,10010,10020,10030,10040,10050,11000,11010,11020,11030,11040,11050,11060,12000,12010,12020,12030,13000,13010,13020,13030,13040,13050,14000,14010,14020,14030,14040,14050,14060,14070,14080,14090
http://www.eprocurementtoolkit.org:80/requirements-results-view/1000,1020,1030,1010,1040,2000,2010,2020,2030,2040,2050,2060,3000,3010,3020,3030,4000,4010,4020,4025,4030,4040,5000,5010,5020,5030,6000,6010,6020,6040,6050,6060,7000,7010,7020,8000,8010,8020,8030,8040,8050,8060,9000,9010,9020,9030,10000,10010,10020,10030,10040,10050,11000,11010,11020,11030,11040,11050,11060,12000,12010,12020,12030,13000,13010,13020,13030,13040,13050,14000,14010,14020,14030,14040,14050,14060,14070,14080,14090 -> websites/www.eprocurementtoolkit.org/20191130014752/requirements-results-view/1000,1020,1030,1010,1040,2000,2010,2020,2030,2040,2050,2060,3000,3010,3020,3030,4000,4010,4020,4025,4030,4040,5000,5010,5020,5030,6000,6010,6020,6040,6050,6060,7000,7010,7020,8000,8010,8020,8030,8040,8050,8060,9000,9010,9020,9030,10000,10010,10020,10030,10040,10050,11000,11010,11020,11030,11040,11050,11060,12000,12010,12020,12030,13000,13010,13020,13030,13040,13050,14000,14010,14020,14030,14040,14050,14060,14070,14080,14090/index.html (162/278)
http://www.eprocurementtoolkit.org:80/requirements-results-view/1000,1020,1030,1010,1040,2000,2010,2020,2030,2040,2050,2060,3000,3010,3020,3030,4000,4010,4020,4025,4030,4040,5000,5010,5020,5030,6000,6010,6020,6040,6050,6060,7000,7010,7020,8000,8010,8020,8030,8040,8050,8060,9000,9010,9020,9030,10000,10010,10020,10030,10040,10050,11000,11010,11020,11030,11040,11050,11060,12000,12010,12020,12030,13000,13010,13020,13030,13040,13050,14000,14010,14020,14030,14040,14050,14060,14070,14080,14090 # File name too long @ dir_s_mkdir - websites/www.eprocurementtoolkit.org/20191230081709/requirements-results-view/1000,1020,1030,1010,1040,2000,2010,2020,2030,2040,2050,2060,3000,3010,3020,3030,4000,4010,4020,4025,4030,4040,5000,5010,5020,5030,6000,6010,6020,6040,6050,6060,7000,7010,7020,8000,8010,8020,8030,8040,8050,8060,9000,9010,9020,9030,10000,10010,10020,10030,10040,10050,11000,11010,11020,11030,11040,11050,11060,12000,12010,12020,12030,13000,13010,13020,13030,13040,13050,14000,14010,14020,14030,14040,14050,14060,14070,14080,14090
http://www.eprocurementtoolkit.org:80/requirements-results-view/1000,1020,1030,1010,1040,2000,2010,2020,2030,2040,2050,2060,3000,3010,3020,3030,4000,4010,4020,4025,4030,4040,5000,5010,5020,5030,6000,6010,6020,6040,6050,6060,7000,7010,7020,8000,8010,8020,8030,8040,8050,8060,9000,9010,9020,9030,10000,10010,10020,10030,10040,10050,11000,11010,11020,11030,11040,11050,11060,12000,12010,12020,12030,13000,13010,13020,13030,13040,13050,14000,14010,14020,14030,14040,14050,14060,14070,14080,14090 -> websites/www.eprocurementtoolkit.org/20191230081709/requirements-results-view/1000,1020,1030,1010,1040,2000,2010,2020,2030,2040,2050,2060,3000,3010,3020,3030,4000,4010,4020,4025,4030,4040,5000,5010,5020,5030,6000,6010,6020,6040,6050,6060,7000,7010,7020,8000,8010,8020,8030,8040,8050,8060,9000,9010,9020,9030,10000,10010,10020,10030,10040,10050,11000,11010,11020,11030,11040,11050,11060,12000,12010,12020,12030,13000,13010,13020,13030,13040,13050,14000,14010,14020,14030,14040,14050,14060,14070,14080,14090/index.html (163/278)
http://www.eprocurementtoolkit.org:80/requirements-results-view/1000,1020,1030,1010,1040,2000,2010,2020,2030,2040,2050,2060,3000,3010,3020,3030,4000,4010,4020,4025,4030,4040,5000,5010,5020,5030,6000,6010,6020,6040,6050,6060,7000,7010,7020,8000,8010,8020,8030,8040,8050,8060,9000,9010,9020,9030,10000,10010,10020,10030,10040,10050,11000,11010,11020,11030,11040,11050,11060,12000,12010,12020,12030,13000,13010,13020,13030,13040,13050,14000,14010,14020,14030,14040,14050,14060,14070,14080,14090 # File name too long @ dir_s_mkdir - websites/www.eprocurementtoolkit.org/20200129152150/requirements-results-view/1000,1020,1030,1010,1040,2000,2010,2020,2030,2040,2050,2060,3000,3010,3020,3030,4000,4010,4020,4025,4030,4040,5000,5010,5020,5030,6000,6010,6020,6040,6050,6060,7000,7010,7020,8000,8010,8020,8030,8040,8050,8060,9000,9010,9020,9030,10000,10010,10020,10030,10040,10050,11000,11010,11020,11030,11040,11050,11060,12000,12010,12020,12030,13000,13010,13020,13030,13040,13050,14000,14010,14020,14030,14040,14050,14060,14070,14080,14090
http://www.eprocurementtoolkit.org:80/requirements-results-view/1000,1020,1030,1010,1040,2000,2010,2020,2030,2040,2050,2060,3000,3010,3020,3030,4000,4010,4020,4025,4030,4040,5000,5010,5020,5030,6000,6010,6020,6040,6050,6060,7000,7010,7020,8000,8010,8020,8030,8040,8050,8060,9000,9010,9020,9030,10000,10010,10020,10030,10040,10050,11000,11010,11020,11030,11040,11050,11060,12000,12010,12020,12030,13000,13010,13020,13030,13040,13050,14000,14010,14020,14030,14040,14050,14060,14070,14080,14090 -> websites/www.eprocurementtoolkit.org/20200129152150/requirements-results-view/1000,1020,1030,1010,1040,2000,2010,2020,2030,2040,2050,2060,3000,3010,3020,3030,4000,4010,4020,4025,4030,4040,5000,5010,5020,5030,6000,6010,6020,6040,6050,6060,7000,7010,7020,8000,8010,8020,8030,8040,8050,8060,9000,9010,9020,9030,10000,10010,10020,10030,10040,10050,11000,11010,11020,11030,11040,11050,11060,12000,12010,12020,12030,13000,13010,13020,13030,13040,13050,14000,14010,14020,14030,14040,14050,14060,14070,14080,14090/index.html (164/278)
http://www.eprocurementtoolkit.org:80/requirements-results-view/1000,1020,1030,1010,1040,2000,2020,2030,14000,14010,14020,14030,14040,14050,14060,14070,14080,14090 -> websites/www.eprocurementtoolkit.org/20161017183915/requirements-results-view/1000,1020,1030,1010,1040,2000,2020,2030,14000,14010,14020,14030,14040,14050,14060,14070,14080,14090/index.html (165/278)
http://www.eprocurementtoolkit.org:80/requirements-results-view/1000,1020,1030,1010,1040,2000,2020,2030,14000,14010,14020,14030,14040,14050,14060,14070,14080,14090 -> websites/www.eprocurementtoolkit.org/20161118131113/requirements-results-view/1000,1020,1030,1010,1040,2000,2020,2030,14000,14010,14020,14030,14040,14050,14060,14070,14080,14090/index.html (166/278)
http://eprocurementtoolkit.org:80/requirements-results-view/1000,1020,1030,1010,1040,2000,2020,2030,14000,14010,14020,14030,14040,14050,14060,14070,14080,14090 -> websites/www.eprocurementtoolkit.org/20180909112153/requirements-results-view/1000,1020,1030,1010,1040,2000,2020,2030,14000,14010,14020,14030,14040,14050,14060,14070,14080,14090/index.html (167/278)
http://eprocurementtoolkit.org:80/requirements-results-view/1000,1020,1030,1010,1040,2000,2020,2030,14000,14010,14020,14030,14040,14050,14060,14070,14080,14090 -> websites/www.eprocurementtoolkit.org/20181011174331/requirements-results-view/1000,1020,1030,1010,1040,2000,2020,2030,14000,14010,14020,14030,14040,14050,14060,14070,14080,14090/index.html (168/278)
http://eprocurementtoolkit.org:80/requirements-results-view/1000,1020,1030,1010,1040,2000,2020,2030,14000,14010,14020,14030,14040,14050,14060,14070,14080,14090 -> websites/www.eprocurementtoolkit.org/20181116135646/requirements-results-view/1000,1020,1030,1010,1040,2000,2020,2030,14000,14010,14020,14030,14040,14050,14060,14070,14080,14090/index.html (169/278)
http://eprocurementtoolkit.org:80/requirements-results-view/1000,1020,1030,1010,1040,2000,2020,2030,14000,14010,14020,14030,14040,14050,14060,14070,14080,14090 -> websites/www.eprocurementtoolkit.org/20181217152439/requirements-results-view/1000,1020,1030,1010,1040,2000,2020,2030,14000,14010,14020,14030,14040,14050,14060,14070,14080,14090/index.html (170/278)
http://www.eprocurementtoolkit.org:80/requirements-results-view/1000,1020,1030,1010,1040,2000,2020,2030,14000,14010,14020,14030,14040,14050,14060,14070,14080,14090 -> websites/www.eprocurementtoolkit.org/20190116044743/requirements-results-view/1000,1020,1030,1010,1040,2000,2020,2030,14000,14010,14020,14030,14040,14050,14060,14070,14080,14090/index.html (171/278)
http://eprocurementtoolkit.org:80/requirements-results-view/1000,1020,1030,1010,1040,2000,2020,2030,14000,14010,14020,14030,14040,14050,14060,14070,14080,14090 -> websites/www.eprocurementtoolkit.org/20190118123903/requirements-results-view/1000,1020,1030,1010,1040,2000,2020,2030,14000,14010,14020,14030,14040,14050,14060,14070,14080,14090/index.html (172/278)
http://www.eprocurementtoolkit.org:80/requirements-results-view/1000,1020,1030,1010,1040,2000,2020,2030,14000,14010,14020,14030,14040,14050,14060,14070,14080,14090 -> websites/www.eprocurementtoolkit.org/20190216224647/requirements-results-view/1000,1020,1030,1010,1040,2000,2020,2030,14000,14010,14020,14030,14040,14050,14060,14070,14080,14090/index.html (173/278)
http://eprocurementtoolkit.org:80/requirements-results-view/1000,1020,1030,1010,1040,2000,2020,2030,14000,14010,14020,14030,14040,14050,14060,14070,14080,14090 -> websites/www.eprocurementtoolkit.org/20190219170858/requirements-results-view/1000,1020,1030,1010,1040,2000,2020,2030,14000,14010,14020,14030,14040,14050,14060,14070,14080,14090/index.html (174/278)
http://www.eprocurementtoolkit.org:80/requirements-results-view/1000,1020,1030,1010,1040,2000,2020,2030,14000,14010,14020,14030,14040,14050,14060,14070,14080,14090 -> websites/www.eprocurementtoolkit.org/20190321150740/requirements-results-view/1000,1020,1030,1010,1040,2000,2020,2030,14000,14010,14020,14030,14040,14050,14060,14070,14080,14090/index.html (175/278)
http://eprocurementtoolkit.org:80/requirements-results-view/1000,1020,1030,1010,1040,2000,2020,2030,14000,14010,14020,14030,14040,14050,14060,14070,14080,14090 -> websites/www.eprocurementtoolkit.org/20190325042544/requirements-results-view/1000,1020,1030,1010,1040,2000,2020,2030,14000,14010,14020,14030,14040,14050,14060,14070,14080,14090/index.html (176/278)
http://www.eprocurementtoolkit.org:80/requirements-results-view/1000,1020,1030,1010,1040,2000,2020,2030,14000,14010,14020,14030,14040,14050,14060,14070,14080,14090 -> websites/www.eprocurementtoolkit.org/20190422172338/requirements-results-view/1000,1020,1030,1010,1040,2000,2020,2030,14000,14010,14020,14030,14040,14050,14060,14070,14080,14090/index.html (177/278)
http://eprocurementtoolkit.org:80/requirements-results-view/1000,1020,1030,1010,1040,2000,2020,2030,14000,14010,14020,14030,14040,14050,14060,14070,14080,14090 -> websites/www.eprocurementtoolkit.org/20190426073309/requirements-results-view/1000,1020,1030,1010,1040,2000,2020,2030,14000,14010,14020,14030,14040,14050,14060,14070,14080,14090/index.html (178/278)
http://www.eprocurementtoolkit.org:80/requirements-results-view/1000,1020,1030,1010,1040,2000,2020,2030,14000,14010,14020,14030,14040,14050,14060,14070,14080,14090 -> websites/www.eprocurementtoolkit.org/20190529192116/requirements-results-view/1000,1020,1030,1010,1040,2000,2020,2030,14000,14010,14020,14030,14040,14050,14060,14070,14080,14090/index.html (179/278)
http://eprocurementtoolkit.org:80/requirements-results-view/1000,1020,1030,1010,1040,2000,2020,2030,14000,14010,14020,14030,14040,14050,14060,14070,14080,14090 -> websites/www.eprocurementtoolkit.org/20190529192127/requirements-results-view/1000,1020,1030,1010,1040,2000,2020,2030,14000,14010,14020,14030,14040,14050,14060,14070,14080,14090/index.html (180/278)
http://www.eprocurementtoolkit.org:80/requirements-results-view/1000,1020,1030,1010,1040,2000,2020,2030,14000,14010,14020,14030,14040,14050,14060,14070,14080,14090 -> websites/www.eprocurementtoolkit.org/20190701202101/requirements-results-view/1000,1020,1030,1010,1040,2000,2020,2030,14000,14010,14020,14030,14040,14050,14060,14070,14080,14090/index.html (181/278)
http://eprocurementtoolkit.org:80/requirements-results-view/1000,1020,1030,1010,1040,2000,2020,2030,14000,14010,14020,14030,14040,14050,14060,14070,14080,14090 -> websites/www.eprocurementtoolkit.org/20190701212520/requirements-results-view/1000,1020,1030,1010,1040,2000,2020,2030,14000,14010,14020,14030,14040,14050,14060,14070,14080,14090/index.html (182/278)
http://www.eprocurementtoolkit.org:80/requirements-results-view/1000,1020,1030,1010,1040,2000,2020,2030,14000,14010,14020,14030,14040,14050,14060,14070,14080,14090 -> websites/www.eprocurementtoolkit.org/20190802180659/requirements-results-view/1000,1020,1030,1010,1040,2000,2020,2030,14000,14010,14020,14030,14040,14050,14060,14070,14080,14090/index.html (183/278)
http://eprocurementtoolkit.org:80/requirements-results-view/1000,1020,1030,1010,1040,2000,2020,2030,14000,14010,14020,14030,14040,14050,14060,14070,14080,14090 -> websites/www.eprocurementtoolkit.org/20190802181032/requirements-results-view/1000,1020,1030,1010,1040,2000,2020,2030,14000,14010,14020,14030,14040,14050,14060,14070,14080,14090/index.html (184/278)
http://www.eprocurementtoolkit.org:80/requirements-results-view/1000,1020,1030,1010,1040,2000,2020,2030,14000,14010,14020,14030,14040,14050,14060,14070,14080,14090 -> websites/www.eprocurementtoolkit.org/20190804015053/requirements-results-view/1000,1020,1030,1010,1040,2000,2020,2030,14000,14010,14020,14030,14040,14050,14060,14070,14080,14090/index.html (185/278)
http://eprocurementtoolkit.org:80/requirements-results-view/1000,1020,1030,1010,1040,2000,2020,2030,14000,14010,14020,14030,14040,14050,14060,14070,14080,14090 -> websites/www.eprocurementtoolkit.org/20190904091617/requirements-results-view/1000,1020,1030,1010,1040,2000,2020,2030,14000,14010,14020,14030,14040,14050,14060,14070,14080,14090/index.html (186/278)
http://www.eprocurementtoolkit.org:80/requirements-results-view/1000,1020,1030,1010,1040,2000,2020,2030,14000,14010,14020,14030,14040,14050,14060,14070,14080,14090 -> websites/www.eprocurementtoolkit.org/20190904093125/requirements-results-view/1000,1020,1030,1010,1040,2000,2020,2030,14000,14010,14020,14030,14040,14050,14060,14070,14080,14090/index.html (187/278)
http://www.eprocurementtoolkit.org:80/requirements-results-view/1000,1020,1030,1010,1040,2000,2020,2030,9000,9010,9020,9030,10000,10010,10020,10030,10040,10050,11000,11010,11020,11030,11040,11050,11060,14000,14010,14020,14030,14040,14050,14060,14070,14080,14090 -> websites/www.eprocurementtoolkit.org/20161013182246/requirements-results-view/1000,1020,1030,1010,1040,2000,2020,2030,9000,9010,9020,9030,10000,10010,10020,10030,10040,10050,11000,11010,11020,11030,11040,11050,11060,14000,14010,14020,14030,14040,14050,14060,14070,14080,14090/index.html (188/278)
http://www.eprocurementtoolkit.org:80/requirements-results-view/1000,1020,1030,1010,1040,2000,2020,2030,9000,9010,9020,9030,10000,10010,10020,10030,10040,10050,11000,11010,11020,11030,11040,11050,11060,14000,14010,14020,14030,14040,14050,14060,14070,14080,14090 -> websites/www.eprocurementtoolkit.org/20161116224912/requirements-results-view/1000,1020,1030,1010,1040,2000,2020,2030,9000,9010,9020,9030,10000,10010,10020,10030,10040,10050,11000,11010,11020,11030,11040,11050,11060,14000,14010,14020,14030,14040,14050,14060,14070,14080,14090/index.html (189/278)
http://www.eprocurementtoolkit.org:80/resources -> websites/www.eprocurementtoolkit.org/20161016034343/resources/index.html (190/278)
http://www.eprocurementtoolkit.org:80/resources -> websites/www.eprocurementtoolkit.org/20161116234000/resources/index.html (191/278)
http://www.eprocurementtoolkit.org:80/resources -> websites/www.eprocurementtoolkit.org/20170414232513/resources/index.html (192/278)
http://www.eprocurementtoolkit.org:80/resources -> websites/www.eprocurementtoolkit.org/20190312202646/resources/index.html (193/278)
http://www.eprocurementtoolkit.org:80/resources -> websites/www.eprocurementtoolkit.org/20190413060636/resources/index.html (194/278)
http://www.eprocurementtoolkit.org:80/resources -> websites/www.eprocurementtoolkit.org/20190514083348/resources/index.html (195/278)
http://www.eprocurementtoolkit.org:80/resources -> websites/www.eprocurementtoolkit.org/20200129152403/resources/index.html (196/278)
http://www.eprocurementtoolkit.org/resources -> websites/www.eprocurementtoolkit.org/20210302204905/resources/index.html (197/278)
https://www.eprocurementtoolkit.org/restricted.html -> websites/www.eprocurementtoolkit.org/20230401133713/restricted.html (198/278)
http://eprocurementtoolkit.org/robots.txt -> websites/www.eprocurementtoolkit.org/20170522045933/robots.txt (199/278)
http://www.eprocurementtoolkit.org/robots.txt -> websites/www.eprocurementtoolkit.org/20200331121152/robots.txt (200/278)
http://eprocurementtoolkit.org/ru -> websites/www.eprocurementtoolkit.org/20180815204326/ru/index.html (201/278)
http://www.eprocurementtoolkit.org/ru -> websites/www.eprocurementtoolkit.org/20210302202619/ru/index.html (202/278)
http://www.eprocurementtoolkit.org:80/ru/documentation -> websites/www.eprocurementtoolkit.org/20161022085526/ru/documentation/index.html (203/278)
http://eprocurementtoolkit.org/ru/documentation -> websites/www.eprocurementtoolkit.org/20190211222934/ru/documentation/index.html (204/278)
http://eprocurementtoolkit.org/ru/home -> websites/www.eprocurementtoolkit.org/20190211180207/ru/home/index.html (205/278)
http://www.eprocurementtoolkit.org:80/ru/requirements -> websites/www.eprocurementtoolkit.org/20161022085521/ru/requirements/index.html (206/278)
http://eprocurementtoolkit.org/ru/requirements -> websites/www.eprocurementtoolkit.org/20190211105231/ru/requirements/index.html (207/278)
http://eprocurementtoolkit.org/ru/resources -> websites/www.eprocurementtoolkit.org/20190211233442/ru/resources/index.html (208/278)
https://eprocurementtoolkit.org/search/node -> websites/www.eprocurementtoolkit.org/20221017191804/search/node/index.html (209/278)
http://eprocurementtoolkit.org/sites/default/files/2016-10/e-Procurement_Preparation-Rapid_e-Procurement_Toolkit.pdf -> websites/www.eprocurementtoolkit.org/20190212060331/sites/default/files/2016-10/e-Procurement_Preparation-Rapid_e-Procurement_Toolkit.pdf (210/278)
http://eprocurementtoolkit.org/sites/default/files/2016-10/e-Procurement_Preparation-Rapid_e-Procurement_Toolkit.pdf -> websites/www.eprocurementtoolkit.org/20210124132804/sites/default/files/2016-10/e-Procurement_Preparation-Rapid_e-Procurement_Toolkit.pdf (211/278)
http://eprocurementtoolkit.org/sites/default/files/2016-10/Market_Analysis-Rapid_e-Procurement_Toolkit.pdf -> websites/www.eprocurementtoolkit.org/20190212031428/sites/default/files/2016-10/Market_Analysis-Rapid_e-Procurement_Toolkit.pdf (212/278)
http://eprocurementtoolkit.org/sites/default/files/2016-10/Market_Analysis-Rapid_e-Procurement_Toolkit.pdf -> websites/www.eprocurementtoolkit.org/20210124124952/sites/default/files/2016-10/Market_Analysis-Rapid_e-Procurement_Toolkit.pdf (213/278)
http://eprocurementtoolkit.org/sites/default/files/2016-10/Public%20Procurement%20Indicators-Rapid_e-Procurement_Toolkit.pdf -> websites/www.eprocurementtoolkit.org/20190212061409/sites/default/files/2016-10/Public Procurement Indicators-Rapid_e-Procurement_Toolkit.pdf (214/278)
http://eprocurementtoolkit.org/sites/default/files/2016-10/Public%20Procurement%20Indicators-Rapid_e-Procurement_Toolkit.pdf -> websites/www.eprocurementtoolkit.org/20210124120601/sites/default/files/2016-10/Public Procurement Indicators-Rapid_e-Procurement_Toolkit.pdf (215/278)
http://eprocurementtoolkit.org/sites/default/files/2016-10/Public%20Procurement%20Indicators-Rapid_e-Procurement_Toolkit.pdf -> websites/www.eprocurementtoolkit.org/20220120050123/sites/default/files/2016-10/Public Procurement Indicators-Rapid_e-Procurement_Toolkit.pdf (216/278)
http://eprocurementtoolkit.org/sites/default/files/2016-11/OCDS_Implemetation_Methodology_0.pdf -> websites/www.eprocurementtoolkit.org/20190212040944/sites/default/files/2016-11/OCDS_Implemetation_Methodology_0.pdf (217/278)
http://www.eprocurementtoolkit.org/sites/default/files/2016-11/OCDS_Implemetation_Methodology_0.pdf -> websites/www.eprocurementtoolkit.org/20210122085456/sites/default/files/2016-11/OCDS_Implemetation_Methodology_0.pdf (218/278)
http://www.eprocurementtoolkit.org/sites/default/files/2016-11/OCDS_Implemetation_Methodology_0.pdf -> websites/www.eprocurementtoolkit.org/20220120090757/sites/default/files/2016-11/OCDS_Implemetation_Methodology_0.pdf (219/278)
http://eprocurementtoolkit.org/sites/default/files/2017-01/e-Procurement_Preparation-RT_rus.pdf -> websites/www.eprocurementtoolkit.org/20210124121611/sites/default/files/2017-01/e-Procurement_Preparation-RT_rus.pdf (220/278)
http://eprocurementtoolkit.org/sites/default/files/2017-01/Market_Analysis-RT_rus.pdf -> websites/www.eprocurementtoolkit.org/20210124111424/sites/default/files/2017-01/Market_Analysis-RT_rus.pdf (221/278)
http://eprocurementtoolkit.org/sites/default/files/2017-01/OCDS_Implemetation_Methodology_rus_0.pdf -> websites/www.eprocurementtoolkit.org/20210124122446/sites/default/files/2017-01/OCDS_Implemetation_Methodology_rus_0.pdf (222/278)
http://eprocurementtoolkit.org/sites/default/files/2017-01/Public%20Procurement%20Indicators-RT_rus.pdf -> websites/www.eprocurementtoolkit.org/20210124122715/sites/default/files/2017-01/Public Procurement Indicators-RT_rus.pdf (223/278)
https://www.eprocurementtoolkit.org/sites/default/files/languages/fr_uTHy1-Dw7qRkxbqFx4nSIa8k_I5cDCV9xcdSHIs_MeE.js?qj08z2 -> websites/www.eprocurementtoolkit.org/20230928202153/sites/default/files/languages/fr_uTHy1-Dw7qRkxbqFx4nSIa8k_I5cDCV9xcdSHIs_MeE.js?qj08z2 (224/278)
http://eprocurementtoolkit.org/sites/default/files/languages/ru_Y7bRuEAXgL2i1UxpiHUlg5NZ7cF6amVmjq5Q8penj3w.js?om2w28 -> websites/www.eprocurementtoolkit.org/20181003064051/sites/default/files/languages/ru_Y7bRuEAXgL2i1UxpiHUlg5NZ7cF6amVmjq5Q8penj3w.js?om2w28 (225/278)
http://eprocurementtoolkit.org/sites/default/files/styles/wb_etools_document_image/public/2016-10/Indicators_RTwebsite.png?itok=vvzVJGjn -> websites/www.eprocurementtoolkit.org/20181003061816/sites/default/files/styles/wb_etools_document_image/public/2016-10/Indicators_RTwebsite.png?itok=vvzVJGjn (226/278)
http://eprocurementtoolkit.org/sites/default/files/styles/wb_etools_document_image/public/2016-10/Market%20Analysis_RTwebsite.png?itok=hJrbV-xo -> websites/www.eprocurementtoolkit.org/20181003120530/sites/default/files/styles/wb_etools_document_image/public/2016-10/Market Analysis_RTwebsite.png?itok=hJrbV-xo (227/278)
http://eprocurementtoolkit.org/sites/default/files/styles/wb_etools_document_image/public/2016-10/OCDS_RTwebsite.png?itok=MZJ-h25z -> websites/www.eprocurementtoolkit.org/20181003112743/sites/default/files/styles/wb_etools_document_image/public/2016-10/OCDS_RTwebsite.png?itok=MZJ-h25z (228/278)
http://eprocurementtoolkit.org/sites/default/files/styles/wb_etools_document_image/public/2016-10/Preparation_RTwebsite.png?itok=7oSjA-Rt -> websites/www.eprocurementtoolkit.org/20181003083906/sites/default/files/styles/wb_etools_document_image/public/2016-10/Preparation_RTwebsite.png?itok=7oSjA-Rt (229/278)
http://eprocurementtoolkit.org/themes/bootstrap/css/3.3.5/overrides.min.css?om2w28 -> websites/www.eprocurementtoolkit.org/20170522050126/themes/bootstrap/css/3.3.5/overrides.min.css?om2w28 (230/278)
http://www.eprocurementtoolkit.org/themes/bootstrap/css/3.4.0/overrides.min.css -> websites/www.eprocurementtoolkit.org/20220120145900/themes/bootstrap/css/3.4.0/overrides.min.css (231/278)
http://eprocurementtoolkit.org/themes/bootstrap/css/images/required.svg -> websites/www.eprocurementtoolkit.org/20170522050356/themes/bootstrap/css/images/required.svg (232/278)
http://eprocurementtoolkit.org/themes/bootstrap/css/images/required.svg -> websites/www.eprocurementtoolkit.org/20180708235437/themes/bootstrap/css/images/required.svg (233/278)
http://www.eprocurementtoolkit.org/themes/bootstrap/css/images/required.svg -> websites/www.eprocurementtoolkit.org/20200403204634/themes/bootstrap/css/images/required.svg (234/278)
http://eprocurementtoolkit.org/themes/bootstrap/js/attributes.js -> websites/www.eprocurementtoolkit.org/20220120112400/themes/bootstrap/js/attributes.js (235/278)
http://eprocurementtoolkit.org/themes/bootstrap/js/attributes.js?om2w28 -> websites/www.eprocurementtoolkit.org/20170522050312/themes/bootstrap/js/attributes.js?om2w28 (236/278)
http://eprocurementtoolkit.org/themes/bootstrap/js/attributes.js?om2w28 -> websites/www.eprocurementtoolkit.org/20180528063031/themes/bootstrap/js/attributes.js?om2w28 (237/278)
http://eprocurementtoolkit.org/themes/bootstrap/js/attributes.js?qj08z2 -> websites/www.eprocurementtoolkit.org/20220117024619/themes/bootstrap/js/attributes.js?qj08z2 (238/278)
http://eprocurementtoolkit.org/themes/bootstrap/js/drupal.bootstrap.js -> websites/www.eprocurementtoolkit.org/20220120113248/themes/bootstrap/js/drupal.bootstrap.js (239/278)
http://eprocurementtoolkit.org/themes/bootstrap/js/drupal.bootstrap.js?om2w28 -> websites/www.eprocurementtoolkit.org/20170522050306/themes/bootstrap/js/drupal.bootstrap.js?om2w28 (240/278)
http://eprocurementtoolkit.org/themes/bootstrap/js/drupal.bootstrap.js?om2w28 -> websites/www.eprocurementtoolkit.org/20180528071827/themes/bootstrap/js/drupal.bootstrap.js?om2w28 (241/278)
http://eprocurementtoolkit.org/themes/bootstrap/js/drupal.bootstrap.js?qj08z2 -> websites/www.eprocurementtoolkit.org/20220120110621/themes/bootstrap/js/drupal.bootstrap.js?qj08z2 (242/278)
http://www.eprocurementtoolkit.org/themes/bootstrap/js/popover.js -> websites/www.eprocurementtoolkit.org/20220120181332/themes/bootstrap/js/popover.js (243/278)
http://eprocurementtoolkit.org/themes/bootstrap/js/popover.js?om2w28 -> websites/www.eprocurementtoolkit.org/20170522050326/themes/bootstrap/js/popover.js?om2w28 (244/278)
http://eprocurementtoolkit.org/themes/bootstrap/js/popover.js?om2w28 -> websites/www.eprocurementtoolkit.org/20180527144330/themes/bootstrap/js/popover.js?om2w28 (245/278)
http://eprocurementtoolkit.org/themes/bootstrap/js/popover.js?qj08z2 -> websites/www.eprocurementtoolkit.org/20220117024621/themes/bootstrap/js/popover.js?qj08z2 (246/278)
http://eprocurementtoolkit.org/themes/bootstrap/js/theme.js -> websites/www.eprocurementtoolkit.org/20220120124516/themes/bootstrap/js/theme.js (247/278)
http://eprocurementtoolkit.org/themes/bootstrap/js/theme.js?v=3.3.5 -> websites/www.eprocurementtoolkit.org/20170522050316/themes/bootstrap/js/theme.js?v=3.3.5 (248/278)
http://eprocurementtoolkit.org/themes/bootstrap/js/theme.js?v=3.3.5 -> websites/www.eprocurementtoolkit.org/20180528121637/themes/bootstrap/js/theme.js?v=3.3.5 (249/278)
http://www.eprocurementtoolkit.org/themes/bootstrap/js/tooltip.js -> websites/www.eprocurementtoolkit.org/20220120150923/themes/bootstrap/js/tooltip.js (250/278)
http://eprocurementtoolkit.org/themes/bootstrap/js/tooltip.js?om2w28 -> websites/www.eprocurementtoolkit.org/20180528082508/themes/bootstrap/js/tooltip.js?om2w28 (251/278)
http://www.eprocurementtoolkit.org/themes/bootstrap/js/tooltip.js?qj08z2 -> websites/www.eprocurementtoolkit.org/20220120143837/themes/bootstrap/js/tooltip.js?qj08z2 (252/278)
http://eprocurementtoolkit.org/themes/ept/css/font-awesome.min.css -> websites/www.eprocurementtoolkit.org/20220120145820/themes/ept/css/font-awesome.min.css (253/278)
http://eprocurementtoolkit.org/themes/ept/css/font-awesome.min.css?om2w28 -> websites/www.eprocurementtoolkit.org/20170522050138/themes/ept/css/font-awesome.min.css?om2w28 (254/278)
http://eprocurementtoolkit.org/themes/ept/css/font-awesome.min.css?om2w28 -> websites/www.eprocurementtoolkit.org/20180528125620/themes/ept/css/font-awesome.min.css?om2w28 (255/278)
http://eprocurementtoolkit.org/themes/ept/css/wbtoolkit.css -> websites/www.eprocurementtoolkit.org/20220120143227/themes/ept/css/wbtoolkit.css (256/278)
http://eprocurementtoolkit.org/themes/ept/css/wbtoolkit.css?om2w28 -> websites/www.eprocurementtoolkit.org/20170522050130/themes/ept/css/wbtoolkit.css?om2w28 (257/278)
http://eprocurementtoolkit.org/themes/ept/css/wbtoolkit.css?om2w28 -> websites/www.eprocurementtoolkit.org/20180528103734/themes/ept/css/wbtoolkit.css?om2w28 (258/278)
http://eprocurementtoolkit.org/themes/ept/css/wbtoolkit_resp.css -> websites/www.eprocurementtoolkit.org/20220120102739/themes/ept/css/wbtoolkit_resp.css (259/278)
http://eprocurementtoolkit.org/themes/ept/css/wbtoolkit_resp.css?om2w28 -> websites/www.eprocurementtoolkit.org/20170522050134/themes/ept/css/wbtoolkit_resp.css?om2w28 (260/278)
http://eprocurementtoolkit.org/themes/ept/css/wbtoolkit_resp.css?om2w28 -> websites/www.eprocurementtoolkit.org/20180527065345/themes/ept/css/wbtoolkit_resp.css?om2w28 (261/278)
http://eprocurementtoolkit.org/themes/ept/fonts/fontawesome-webfont.eot -> websites/www.eprocurementtoolkit.org/20170522050407/themes/ept/fonts/fontawesome-webfont.eot (262/278)
http://eprocurementtoolkit.org/themes/ept/fonts/fontawesome-webfont.svg?v=4.6.3 -> websites/www.eprocurementtoolkit.org/20170522052002/themes/ept/fonts/fontawesome-webfont.svg?v=4.6.3 (263/278)
http://eprocurementtoolkit.org/themes/ept/fonts/fontawesome-webfont.svg?v=4.6.3 -> websites/www.eprocurementtoolkit.org/20180709000557/themes/ept/fonts/fontawesome-webfont.svg?v=4.6.3 (264/278)
http://eprocurementtoolkit.org/themes/ept/fonts/fontawesome-webfont.ttf?v=4.6.3 -> websites/www.eprocurementtoolkit.org/20170522050425/themes/ept/fonts/fontawesome-webfont.ttf?v=4.6.3 (265/278)
http://eprocurementtoolkit.org/themes/ept/fonts/fontawesome-webfont.woff2?v=4.6.3 -> websites/www.eprocurementtoolkit.org/20170522050411/themes/ept/fonts/fontawesome-webfont.woff2?v=4.6.3 (266/278)
http://eprocurementtoolkit.org/themes/ept/fonts/fontawesome-webfont.woff?v=4.6.3 -> websites/www.eprocurementtoolkit.org/20170522050417/themes/ept/fonts/fontawesome-webfont.woff?v=4.6.3 (267/278)
http://eprocurementtoolkit.org/themes/ept/images/documentation.png -> websites/www.eprocurementtoolkit.org/20170522050222/themes/ept/images/documentation.png (268/278)
http://eprocurementtoolkit.org/themes/ept/images/logo_black_wb.png -> websites/www.eprocurementtoolkit.org/20170522050238/themes/ept/images/logo_black_wb.png (269/278)
http://eprocurementtoolkit.org/themes/ept/images/logo_eproc.png -> websites/www.eprocurementtoolkit.org/20170522050157/themes/ept/images/logo_eproc.png (270/278)
http://eprocurementtoolkit.org/themes/ept/images/logo_wb.png -> websites/www.eprocurementtoolkit.org/20170522050152/themes/ept/images/logo_wb.png (271/278)
http://eprocurementtoolkit.org/themes/ept/images/templateReq.png -> websites/www.eprocurementtoolkit.org/20170522050233/themes/ept/images/templateReq.png (272/278)
http://www.eprocurementtoolkit.org/themes/ept/js/wbtoolkit.js -> websites/www.eprocurementtoolkit.org/20220120175256/themes/ept/js/wbtoolkit.js (273/278)
http://eprocurementtoolkit.org/themes/ept/wbg-favicon.png -> websites/www.eprocurementtoolkit.org/20170522045943/themes/ept/wbg-favicon.png (274/278)
http://www.eprocurementtoolkit.org:80/user/login -> websites/www.eprocurementtoolkit.org/20161013182436/user/login/index.html (275/278)
http://www.eprocurementtoolkit.org:80/user/login -> websites/www.eprocurementtoolkit.org/20161116224942/user/login/index.html (276/278)
https://eprocurementtoolkit.org/user/login/ -> websites/www.eprocurementtoolkit.org/20221017191810/user/login/index.html (277/278)
https://eprocurementtoolkit.org/user/password/ -> websites/www.eprocurementtoolkit.org/20221017191805/user/password/index.html (278/278)

Download completed in 135.71s, saved in websites/www.eprocurementtoolkit.org/ (278 files)
